[2025-10-06T23:45:44.374+0000] {taskinstance.py:1083} INFO - Dependencies all met for <TaskInstance: pytorch_circle_classifier.preprocess_data scheduled__2025-10-05T00:00:00+00:00 [queued]>
[2025-10-06T23:45:44.379+0000] {taskinstance.py:1083} INFO - Dependencies all met for <TaskInstance: pytorch_circle_classifier.preprocess_data scheduled__2025-10-05T00:00:00+00:00 [queued]>
[2025-10-06T23:45:44.379+0000] {taskinstance.py:1279} INFO - 
--------------------------------------------------------------------------------
[2025-10-06T23:45:44.379+0000] {taskinstance.py:1280} INFO - Starting attempt 1 of 2
[2025-10-06T23:45:44.379+0000] {taskinstance.py:1281} INFO - 
--------------------------------------------------------------------------------
[2025-10-06T23:45:44.386+0000] {taskinstance.py:1300} INFO - Executing <Task(PythonOperator): preprocess_data> on 2025-10-05 00:00:00+00:00
[2025-10-06T23:45:44.395+0000] {standard_task_runner.py:55} INFO - Started process 108 to run task
[2025-10-06T23:45:44.402+0000] {standard_task_runner.py:82} INFO - Running: ['***', 'tasks', 'run', 'pytorch_circle_classifier', 'preprocess_data', 'scheduled__2025-10-05T00:00:00+00:00', '--job-id', '6', '--raw', '--subdir', 'DAGS_FOLDER/***.py', '--cfg-path', '/tmp/tmpbkbm5w8k']
[2025-10-06T23:45:44.404+0000] {standard_task_runner.py:83} INFO - Job 6: Subtask preprocess_data
[2025-10-06T23:45:44.449+0000] {task_command.py:388} INFO - Running <TaskInstance: pytorch_circle_classifier.preprocess_data scheduled__2025-10-05T00:00:00+00:00 [running]> on host ea010b5ab1b3
[2025-10-06T23:45:44.675+0000] {taskinstance.py:1509} INFO - Exporting the following env vars:
AIRFLOW_CTX_DAG_OWNER=Aditya
AIRFLOW_CTX_DAG_ID=pytorch_circle_classifier
AIRFLOW_CTX_TASK_ID=preprocess_data
AIRFLOW_CTX_EXECUTION_DATE=2025-10-05T00:00:00+00:00
AIRFLOW_CTX_TRY_NUMBER=1
AIRFLOW_CTX_DAG_RUN_ID=scheduled__2025-10-05T00:00:00+00:00
[2025-10-06T23:45:44.675+0000] {logging_mixin.py:137} INFO - Loading and preprocessing data...
[2025-10-06T23:45:44.696+0000] {logging_mixin.py:137} INFO - Training set size: torch.Size([800, 2])
[2025-10-06T23:45:44.696+0000] {logging_mixin.py:137} INFO - Test set size: torch.Size([200, 2])
[2025-10-06T23:45:44.696+0000] {python.py:177} INFO - Done. Returned value was: ./temp/preprocessed_data.pkl
[2025-10-06T23:45:44.718+0000] {taskinstance.py:1323} INFO - Marking task as SUCCESS. dag_id=pytorch_circle_classifier, task_id=preprocess_data, execution_date=20251005T000000, start_date=20251006T234544, end_date=20251006T234544
[2025-10-06T23:45:44.757+0000] {local_task_job.py:208} INFO - Task exited with return code 0
[2025-10-06T23:45:44.774+0000] {taskinstance.py:2578} INFO - 1 downstream tasks scheduled from follow-on schedule check
