[2025-10-06T22:56:55.202+0000] {manager.py:483} INFO - Processing files using up to 2 processes at a time 
[2025-10-06T22:56:55.205+0000] {manager.py:484} INFO - Process each file at most once every 30 seconds
[2025-10-06T22:56:55.205+0000] {manager.py:486} INFO - Checking for new files in /opt/airflow/dags every 300 seconds
[2025-10-06T22:56:55.206+0000] {manager.py:726} INFO - Searching for files in /opt/airflow/dags
[2025-10-06T22:56:55.227+0000] {manager.py:729} INFO - There are 1 files in /opt/airflow/dags
[2025-10-06T22:56:55.289+0000] {manager.py:854} INFO - 
================================================================================
DAG File Processing Stats

File Path                       PID  Runtime      # DAGs    # Errors  Last Runtime    Last Run
----------------------------  -----  ---------  --------  ----------  --------------  ----------
/opt/airflow/dags/airflow.py     38  0.03s             0           0
================================================================================
[2025-10-06T22:57:25.624+0000] {manager.py:854} INFO - 
================================================================================
DAG File Processing Stats

File Path                       PID  Runtime      # DAGs    # Errors  Last Runtime    Last Run
----------------------------  -----  ---------  --------  ----------  --------------  -------------------
/opt/airflow/dags/airflow.py     86  0.00s             0           1  0.06s           2025-10-06T22:56:55
================================================================================
[2025-10-06T22:57:56.022+0000] {manager.py:854} INFO - 
================================================================================
DAG File Processing Stats

File Path                       PID  Runtime      # DAGs    # Errors  Last Runtime    Last Run
----------------------------  -----  ---------  --------  ----------  --------------  -------------------
/opt/airflow/dags/airflow.py    119  0.02s             0           1  0.04s           2025-10-06T22:57:25
================================================================================
[2025-10-06T22:58:26.325+0000] {manager.py:854} INFO - 
================================================================================
DAG File Processing Stats

File Path                       PID  Runtime      # DAGs    # Errors  Last Runtime    Last Run
----------------------------  -----  ---------  --------  ----------  --------------  -------------------
/opt/airflow/dags/airflow.py    168  0.01s             0           1  0.10s           2025-10-06T22:57:56
================================================================================
[2025-10-06T22:58:56.636+0000] {manager.py:854} INFO - 
================================================================================
DAG File Processing Stats

File Path                       PID  Runtime      # DAGs    # Errors  Last Runtime    Last Run
----------------------------  -----  ---------  --------  ----------  --------------  -------------------
/opt/airflow/dags/airflow.py    207  0.01s             0           1  0.05s           2025-10-06T22:58:26
================================================================================
[2025-10-06T22:59:27.012+0000] {manager.py:854} INFO - 
================================================================================
DAG File Processing Stats

File Path                       PID  Runtime      # DAGs    # Errors  Last Runtime    Last Run
----------------------------  -----  ---------  --------  ----------  --------------  -------------------
/opt/airflow/dags/airflow.py    249  0.01s             0           1  0.06s           2025-10-06T22:58:56
================================================================================
[2025-10-06T22:59:57.371+0000] {manager.py:854} INFO - 
================================================================================
DAG File Processing Stats

File Path                     PID    Runtime      # DAGs    # Errors  Last Runtime    Last Run
----------------------------  -----  ---------  --------  ----------  --------------  -------------------
/opt/airflow/dags/airflow.py                           0           1  0.34s           2025-10-06T22:59:43
================================================================================
[2025-10-06T23:00:16.259+0000] {manager.py:465} INFO - Exiting gracefully upon receiving signal 15
[2025-10-06T23:00:41.755+0000] {manager.py:483} INFO - Processing files using up to 2 processes at a time 
[2025-10-06T23:00:41.759+0000] {manager.py:484} INFO - Process each file at most once every 30 seconds
[2025-10-06T23:00:41.759+0000] {manager.py:486} INFO - Checking for new files in /opt/airflow/dags every 300 seconds
[2025-10-06T23:00:41.760+0000] {manager.py:726} INFO - Searching for files in /opt/airflow/dags
[2025-10-06T23:00:41.771+0000] {manager.py:729} INFO - There are 1 files in /opt/airflow/dags
[2025-10-06T23:00:41.882+0000] {manager.py:854} INFO - 
================================================================================
DAG File Processing Stats

File Path                       PID  Runtime      # DAGs    # Errors  Last Runtime    Last Run
----------------------------  -----  ---------  --------  ----------  --------------  ----------
/opt/airflow/dags/airflow.py     37  0.04s             0           0
================================================================================
[2025-10-06T23:01:12.226+0000] {manager.py:854} INFO - 
================================================================================
DAG File Processing Stats

File Path                       PID  Runtime      # DAGs    # Errors  Last Runtime    Last Run
----------------------------  -----  ---------  --------  ----------  --------------  -------------------
/opt/airflow/dags/airflow.py     86  0.01s             0           1  0.27s           2025-10-06T23:00:42
================================================================================
[2025-10-06T23:01:42.744+0000] {manager.py:854} INFO - 
================================================================================
DAG File Processing Stats

File Path                       PID  Runtime      # DAGs    # Errors  Last Runtime    Last Run
----------------------------  -----  ---------  --------  ----------  --------------  -------------------
/opt/airflow/dags/airflow.py    121  0.02s             0           1  0.31s           2025-10-06T23:01:12
================================================================================
[2025-10-06T23:01:55.283+0000] {manager.py:465} INFO - Exiting gracefully upon receiving signal 15
[2025-10-06T23:02:20.843+0000] {manager.py:483} INFO - Processing files using up to 2 processes at a time 
[2025-10-06T23:02:20.851+0000] {manager.py:484} INFO - Process each file at most once every 30 seconds
[2025-10-06T23:02:20.851+0000] {manager.py:486} INFO - Checking for new files in /opt/airflow/dags every 300 seconds
[2025-10-06T23:02:20.851+0000] {manager.py:726} INFO - Searching for files in /opt/airflow/dags
[2025-10-06T23:02:20.864+0000] {manager.py:729} INFO - There are 1 files in /opt/airflow/dags
[2025-10-06T23:02:21.065+0000] {manager.py:854} INFO - 
================================================================================
DAG File Processing Stats

File Path                       PID  Runtime      # DAGs    # Errors  Last Runtime    Last Run
----------------------------  -----  ---------  --------  ----------  --------------  ----------
/opt/airflow/dags/airflow.py     36  0.08s             0           0
================================================================================
[2025-10-06T23:02:51.779+0000] {manager.py:854} INFO - 
================================================================================
DAG File Processing Stats

File Path                       PID  Runtime      # DAGs    # Errors  Last Runtime    Last Run
----------------------------  -----  ---------  --------  ----------  --------------  -------------------
/opt/airflow/dags/airflow.py     70  0.01s             0           1  0.51s           2025-10-06T23:02:21
================================================================================
[2025-10-06T23:03:10.258+0000] {manager.py:483} INFO - Processing files using up to 2 processes at a time 
[2025-10-06T23:03:10.260+0000] {manager.py:484} INFO - Process each file at most once every 30 seconds
[2025-10-06T23:03:10.260+0000] {manager.py:486} INFO - Checking for new files in /opt/airflow/dags every 300 seconds
[2025-10-06T23:03:10.260+0000] {manager.py:726} INFO - Searching for files in /opt/airflow/dags
[2025-10-06T23:03:10.276+0000] {manager.py:729} INFO - There are 1 files in /opt/airflow/dags
[2025-10-06T23:03:10.352+0000] {manager.py:854} INFO - 
================================================================================
DAG File Processing Stats

File Path                       PID  Runtime      # DAGs    # Errors  Last Runtime    Last Run
----------------------------  -----  ---------  --------  ----------  --------------  ----------
/opt/airflow/dags/airflow.py     37  0.04s             0           0
================================================================================
[2025-10-06T23:03:41.141+0000] {manager.py:854} INFO - 
================================================================================
DAG File Processing Stats

File Path                       PID  Runtime      # DAGs    # Errors  Last Runtime    Last Run
----------------------------  -----  ---------  --------  ----------  --------------  -------------------
/opt/airflow/dags/airflow.py     71  0.01s             0           1  0.34s           2025-10-06T23:03:10
================================================================================
[2025-10-06T23:03:44.663+0000] {manager.py:465} INFO - Exiting gracefully upon receiving signal 15
[2025-10-06T23:04:07.786+0000] {manager.py:483} INFO - Processing files using up to 2 processes at a time 
[2025-10-06T23:04:07.790+0000] {manager.py:484} INFO - Process each file at most once every 30 seconds
[2025-10-06T23:04:07.790+0000] {manager.py:486} INFO - Checking for new files in /opt/airflow/dags every 300 seconds
[2025-10-06T23:04:07.791+0000] {manager.py:726} INFO - Searching for files in /opt/airflow/dags
[2025-10-06T23:04:07.803+0000] {manager.py:729} INFO - There are 1 files in /opt/airflow/dags
[2025-10-06T23:04:07.883+0000] {manager.py:854} INFO - 
================================================================================
DAG File Processing Stats

File Path                       PID  Runtime      # DAGs    # Errors  Last Runtime    Last Run
----------------------------  -----  ---------  --------  ----------  --------------  ----------
/opt/airflow/dags/airflow.py     37  0.05s             0           0
================================================================================
[2025-10-06T23:04:38.160+0000] {manager.py:854} INFO - 
================================================================================
DAG File Processing Stats

File Path                       PID  Runtime      # DAGs    # Errors  Last Runtime    Last Run
----------------------------  -----  ---------  --------  ----------  --------------  -------------------
/opt/airflow/dags/airflow.py     80  0.01s             0           1  0.31s           2025-10-06T23:04:08
================================================================================
[2025-10-06T23:05:08.719+0000] {manager.py:854} INFO - 
================================================================================
DAG File Processing Stats

File Path                     PID    Runtime      # DAGs    # Errors  Last Runtime    Last Run
----------------------------  -----  ---------  --------  ----------  --------------  -------------------
/opt/airflow/dags/airflow.py                           0           1  0.63s           2025-10-06T23:04:38
================================================================================
[2025-10-06T23:05:39.493+0000] {manager.py:854} INFO - 
================================================================================
DAG File Processing Stats

File Path                       PID  Runtime      # DAGs    # Errors  Last Runtime    Last Run
----------------------------  -----  ---------  --------  ----------  --------------  -------------------
/opt/airflow/dags/airflow.py    170  0.01s             0           1  0.24s           2025-10-06T23:05:09
================================================================================
[2025-10-06T23:06:10.046+0000] {manager.py:854} INFO - 
================================================================================
DAG File Processing Stats

File Path                       PID  Runtime      # DAGs    # Errors  Last Runtime    Last Run
----------------------------  -----  ---------  --------  ----------  --------------  -------------------
/opt/airflow/dags/airflow.py    213  0.01s             0           1  0.20s           2025-10-06T23:05:39
================================================================================
[2025-10-06T23:06:40.323+0000] {manager.py:854} INFO - 
================================================================================
DAG File Processing Stats

File Path                       PID  Runtime      # DAGs    # Errors  Last Runtime    Last Run
----------------------------  -----  ---------  --------  ----------  --------------  -------------------
/opt/airflow/dags/airflow.py    254  0.02s             0           1  0.24s           2025-10-06T23:06:10
================================================================================
[2025-10-06T23:07:10.593+0000] {manager.py:854} INFO - 
================================================================================
DAG File Processing Stats

File Path                       PID  Runtime      # DAGs    # Errors  Last Runtime    Last Run
----------------------------  -----  ---------  --------  ----------  --------------  -------------------
/opt/airflow/dags/airflow.py    304  0.01s             0           1  0.25s           2025-10-06T23:06:40
================================================================================
[2025-10-06T23:07:41.186+0000] {manager.py:854} INFO - 
================================================================================
DAG File Processing Stats

File Path                       PID  Runtime      # DAGs    # Errors  Last Runtime    Last Run
----------------------------  -----  ---------  --------  ----------  --------------  -------------------
/opt/airflow/dags/airflow.py    339  0.01s             0           1  0.25s           2025-10-06T23:07:10
================================================================================
[2025-10-06T23:07:49.031+0000] {manager.py:465} INFO - Exiting gracefully upon receiving signal 15
[2025-10-06T23:08:33.239+0000] {manager.py:483} INFO - Processing files using up to 2 processes at a time 
[2025-10-06T23:08:33.243+0000] {manager.py:484} INFO - Process each file at most once every 30 seconds
[2025-10-06T23:08:33.245+0000] {manager.py:486} INFO - Checking for new files in /opt/airflow/dags every 300 seconds
[2025-10-06T23:08:33.245+0000] {manager.py:726} INFO - Searching for files in /opt/airflow/dags
[2025-10-06T23:08:33.265+0000] {manager.py:729} INFO - There are 1 files in /opt/airflow/dags
[2025-10-06T23:08:33.416+0000] {manager.py:854} INFO - 
================================================================================
DAG File Processing Stats

File Path                       PID  Runtime      # DAGs    # Errors  Last Runtime    Last Run
----------------------------  -----  ---------  --------  ----------  --------------  ----------
/opt/airflow/dags/airflow.py     37  0.11s             0           0
================================================================================
[2025-10-06T23:09:03.796+0000] {manager.py:854} INFO - 
================================================================================
DAG File Processing Stats

File Path                       PID  Runtime      # DAGs    # Errors  Last Runtime    Last Run
----------------------------  -----  ---------  --------  ----------  --------------  -------------------
/opt/airflow/dags/airflow.py     80  0.01s             0           1  0.33s           2025-10-06T23:08:33
================================================================================
[2025-10-06T23:09:34.205+0000] {manager.py:854} INFO - 
================================================================================
DAG File Processing Stats

File Path                     PID    Runtime      # DAGs    # Errors  Last Runtime    Last Run
----------------------------  -----  ---------  --------  ----------  --------------  -------------------
/opt/airflow/dags/airflow.py                           0           1  0.64s           2025-10-06T23:09:04
================================================================================
[2025-10-06T23:10:04.341+0000] {manager.py:854} INFO - 
================================================================================
DAG File Processing Stats

File Path                     PID    Runtime      # DAGs    # Errors  Last Runtime    Last Run
----------------------------  -----  ---------  --------  ----------  --------------  -------------------
/opt/airflow/dags/airflow.py                           0           1  0.32s           2025-10-06T23:09:35
================================================================================
[2025-10-06T23:10:34.652+0000] {manager.py:854} INFO - 
================================================================================
DAG File Processing Stats

File Path                     PID    Runtime      # DAGs    # Errors  Last Runtime    Last Run
----------------------------  -----  ---------  --------  ----------  --------------  -------------------
/opt/airflow/dags/airflow.py                           0           1  0.33s           2025-10-06T23:10:05
================================================================================
[2025-10-06T23:11:05.418+0000] {manager.py:854} INFO - 
================================================================================
DAG File Processing Stats

File Path                     PID    Runtime      # DAGs    # Errors  Last Runtime    Last Run
----------------------------  -----  ---------  --------  ----------  --------------  -------------------
/opt/airflow/dags/airflow.py                           0           1  0.26s           2025-10-06T23:10:36
================================================================================
[2025-10-06T23:11:35.912+0000] {manager.py:854} INFO - 
================================================================================
DAG File Processing Stats

File Path                     PID    Runtime      # DAGs    # Errors  Last Runtime    Last Run
----------------------------  -----  ---------  --------  ----------  --------------  -------------------
/opt/airflow/dags/airflow.py                           0           1  0.29s           2025-10-06T23:11:06
================================================================================
[2025-10-06T23:11:53.962+0000] {manager.py:465} INFO - Exiting gracefully upon receiving signal 15
[2025-10-06T23:14:54.156+0000] {manager.py:483} INFO - Processing files using up to 2 processes at a time 
[2025-10-06T23:14:54.159+0000] {manager.py:484} INFO - Process each file at most once every 30 seconds
[2025-10-06T23:14:54.159+0000] {manager.py:486} INFO - Checking for new files in /opt/airflow/dags every 300 seconds
[2025-10-06T23:14:54.159+0000] {manager.py:726} INFO - Searching for files in /opt/airflow/dags
[2025-10-06T23:14:54.181+0000] {manager.py:729} INFO - There are 1 files in /opt/airflow/dags
[2025-10-06T23:14:54.246+0000] {manager.py:854} INFO - 
================================================================================
DAG File Processing Stats

File Path                       PID  Runtime      # DAGs    # Errors  Last Runtime    Last Run
----------------------------  -----  ---------  --------  ----------  --------------  ----------
/opt/airflow/dags/airflow.py     38  0.04s             0           0
================================================================================
[2025-10-06T23:15:24.410+0000] {manager.py:854} INFO - 
================================================================================
DAG File Processing Stats

File Path                     PID    Runtime      # DAGs    # Errors  Last Runtime    Last Run
----------------------------  -----  ---------  --------  ----------  --------------  -------------------
/opt/airflow/dags/airflow.py                           0           1  0.61s           2025-10-06T23:14:54
================================================================================
[2025-10-06T23:15:54.677+0000] {manager.py:854} INFO - 
================================================================================
DAG File Processing Stats

File Path                     PID    Runtime      # DAGs    # Errors  Last Runtime    Last Run
----------------------------  -----  ---------  --------  ----------  --------------  -------------------
/opt/airflow/dags/airflow.py                           0           1  0.75s           2025-10-06T23:15:25
================================================================================
[2025-10-06T23:16:24.987+0000] {manager.py:854} INFO - 
================================================================================
DAG File Processing Stats

File Path                     PID    Runtime      # DAGs    # Errors  Last Runtime    Last Run
----------------------------  -----  ---------  --------  ----------  --------------  -------------------
/opt/airflow/dags/airflow.py                           0           1  0.77s           2025-10-06T23:15:56
================================================================================
[2025-10-06T23:16:55.300+0000] {manager.py:854} INFO - 
================================================================================
DAG File Processing Stats

File Path                     PID    Runtime      # DAGs    # Errors  Last Runtime    Last Run
----------------------------  -----  ---------  --------  ----------  --------------  -------------------
/opt/airflow/dags/airflow.py                           0           1  0.55s           2025-10-06T23:16:27
================================================================================
[2025-10-06T23:17:03.201+0000] {manager.py:465} INFO - Exiting gracefully upon receiving signal 15
[2025-10-06T23:17:41.339+0000] {manager.py:483} INFO - Processing files using up to 2 processes at a time 
[2025-10-06T23:17:41.344+0000] {manager.py:484} INFO - Process each file at most once every 30 seconds
[2025-10-06T23:17:41.345+0000] {manager.py:486} INFO - Checking for new files in /opt/airflow/dags every 300 seconds
[2025-10-06T23:17:41.346+0000] {manager.py:726} INFO - Searching for files in /opt/airflow/dags
[2025-10-06T23:17:41.376+0000] {manager.py:729} INFO - There are 1 files in /opt/airflow/dags
[2025-10-06T23:17:41.483+0000] {manager.py:854} INFO - 
================================================================================
DAG File Processing Stats

File Path                       PID  Runtime      # DAGs    # Errors  Last Runtime    Last Run
----------------------------  -----  ---------  --------  ----------  --------------  ----------
/opt/airflow/dags/airflow.py     37  0.04s             0           0
================================================================================
[2025-10-06T23:18:11.987+0000] {manager.py:854} INFO - 
================================================================================
DAG File Processing Stats

File Path                     PID    Runtime      # DAGs    # Errors  Last Runtime    Last Run
----------------------------  -----  ---------  --------  ----------  --------------  -------------------
/opt/airflow/dags/airflow.py                           1           0  1.37s           2025-10-06T23:17:42
================================================================================
