[2025-10-06T23:57:14.833+0000] {taskinstance.py:1083} INFO - Dependencies all met for <TaskInstance: pytorch_circle_classifier.preprocess_data manual__2025-10-06T23:57:08.707700+00:00 [queued]>
[2025-10-06T23:57:14.838+0000] {taskinstance.py:1083} INFO - Dependencies all met for <TaskInstance: pytorch_circle_classifier.preprocess_data manual__2025-10-06T23:57:08.707700+00:00 [queued]>
[2025-10-06T23:57:14.838+0000] {taskinstance.py:1279} INFO - 
--------------------------------------------------------------------------------
[2025-10-06T23:57:14.838+0000] {taskinstance.py:1280} INFO - Starting attempt 1 of 2
[2025-10-06T23:57:14.838+0000] {taskinstance.py:1281} INFO - 
--------------------------------------------------------------------------------
[2025-10-06T23:57:14.844+0000] {taskinstance.py:1300} INFO - Executing <Task(PythonOperator): preprocess_data> on 2025-10-06 23:57:08.707700+00:00
[2025-10-06T23:57:14.851+0000] {standard_task_runner.py:55} INFO - Started process 474 to run task
[2025-10-06T23:57:14.853+0000] {standard_task_runner.py:82} INFO - Running: ['***', 'tasks', 'run', 'pytorch_circle_classifier', 'preprocess_data', 'manual__2025-10-06T23:57:08.707700+00:00', '--job-id', '12', '--raw', '--subdir', 'DAGS_FOLDER/***.py', '--cfg-path', '/tmp/tmpu8op0izb']
[2025-10-06T23:57:14.854+0000] {standard_task_runner.py:83} INFO - Job 12: Subtask preprocess_data
[2025-10-06T23:57:14.887+0000] {task_command.py:388} INFO - Running <TaskInstance: pytorch_circle_classifier.preprocess_data manual__2025-10-06T23:57:08.707700+00:00 [running]> on host ea010b5ab1b3
[2025-10-06T23:57:15.066+0000] {taskinstance.py:1509} INFO - Exporting the following env vars:
AIRFLOW_CTX_DAG_OWNER=Aditya Ratan
AIRFLOW_CTX_DAG_ID=pytorch_circle_classifier
AIRFLOW_CTX_TASK_ID=preprocess_data
AIRFLOW_CTX_EXECUTION_DATE=2025-10-06T23:57:08.707700+00:00
AIRFLOW_CTX_TRY_NUMBER=1
AIRFLOW_CTX_DAG_RUN_ID=manual__2025-10-06T23:57:08.707700+00:00
[2025-10-06T23:57:15.067+0000] {logging_mixin.py:137} INFO - Loading and preprocessing data...
[2025-10-06T23:57:15.092+0000] {logging_mixin.py:137} INFO - Training set size: torch.Size([800, 2])
[2025-10-06T23:57:15.093+0000] {logging_mixin.py:137} INFO - Test set size: torch.Size([200, 2])
[2025-10-06T23:57:15.093+0000] {python.py:177} INFO - Done. Returned value was: ./temp/preprocessed_data.pkl
[2025-10-06T23:57:15.104+0000] {taskinstance.py:1323} INFO - Marking task as SUCCESS. dag_id=pytorch_circle_classifier, task_id=preprocess_data, execution_date=20251006T235708, start_date=20251006T235714, end_date=20251006T235715
[2025-10-06T23:57:15.160+0000] {local_task_job.py:208} INFO - Task exited with return code 0
[2025-10-06T23:57:15.187+0000] {taskinstance.py:2578} INFO - 0 downstream tasks scheduled from follow-on schedule check
