[2025-10-07T00:02:04.122+0000] {taskinstance.py:1083} INFO - Dependencies all met for <TaskInstance: pytorch_circle_classifier.preprocess_data manual__2025-10-07T00:01:58.585022+00:00 [queued]>
[2025-10-07T00:02:04.132+0000] {taskinstance.py:1083} INFO - Dependencies all met for <TaskInstance: pytorch_circle_classifier.preprocess_data manual__2025-10-07T00:01:58.585022+00:00 [queued]>
[2025-10-07T00:02:04.132+0000] {taskinstance.py:1279} INFO - 
--------------------------------------------------------------------------------
[2025-10-07T00:02:04.133+0000] {taskinstance.py:1280} INFO - Starting attempt 1 of 2
[2025-10-07T00:02:04.133+0000] {taskinstance.py:1281} INFO - 
--------------------------------------------------------------------------------
[2025-10-07T00:02:04.142+0000] {taskinstance.py:1300} INFO - Executing <Task(PythonOperator): preprocess_data> on 2025-10-07 00:01:58.585022+00:00
[2025-10-07T00:02:04.151+0000] {standard_task_runner.py:55} INFO - Started process 219 to run task
[2025-10-07T00:02:04.158+0000] {standard_task_runner.py:82} INFO - Running: ['***', 'tasks', 'run', 'pytorch_circle_classifier', 'preprocess_data', 'manual__2025-10-07T00:01:58.585022+00:00', '--job-id', '23', '--raw', '--subdir', 'DAGS_FOLDER/***.py', '--cfg-path', '/tmp/tmpedi4onop']
[2025-10-07T00:02:04.161+0000] {standard_task_runner.py:83} INFO - Job 23: Subtask preprocess_data
[2025-10-07T00:02:04.201+0000] {task_command.py:388} INFO - Running <TaskInstance: pytorch_circle_classifier.preprocess_data manual__2025-10-07T00:01:58.585022+00:00 [running]> on host 1c9de8940ef2
[2025-10-07T00:02:04.567+0000] {taskinstance.py:1509} INFO - Exporting the following env vars:
AIRFLOW_CTX_DAG_OWNER=Aditya Ratan
AIRFLOW_CTX_DAG_ID=pytorch_circle_classifier
AIRFLOW_CTX_TASK_ID=preprocess_data
AIRFLOW_CTX_EXECUTION_DATE=2025-10-07T00:01:58.585022+00:00
AIRFLOW_CTX_TRY_NUMBER=1
AIRFLOW_CTX_DAG_RUN_ID=manual__2025-10-07T00:01:58.585022+00:00
[2025-10-07T00:02:04.567+0000] {logging_mixin.py:137} INFO - Loading and preprocessing data...
[2025-10-07T00:02:04.576+0000] {logging_mixin.py:137} INFO - Training set size: torch.Size([800, 2])
[2025-10-07T00:02:04.576+0000] {logging_mixin.py:137} INFO - Test set size: torch.Size([200, 2])
[2025-10-07T00:02:04.577+0000] {python.py:177} INFO - Done. Returned value was: ./temp/preprocessed_data.pkl
[2025-10-07T00:02:04.599+0000] {taskinstance.py:1323} INFO - Marking task as SUCCESS. dag_id=pytorch_circle_classifier, task_id=preprocess_data, execution_date=20251007T000158, start_date=20251007T000204, end_date=20251007T000204
[2025-10-07T00:02:04.628+0000] {local_task_job.py:208} INFO - Task exited with return code 0
[2025-10-07T00:02:04.657+0000] {taskinstance.py:2578} INFO - 1 downstream tasks scheduled from follow-on schedule check
