[2025-10-06T23:45:46.509+0000] {taskinstance.py:1083} INFO - Dependencies all met for <TaskInstance: pytorch_circle_classifier.train_model scheduled__2025-10-05T00:00:00+00:00 [queued]>
[2025-10-06T23:45:46.514+0000] {taskinstance.py:1083} INFO - Dependencies all met for <TaskInstance: pytorch_circle_classifier.train_model scheduled__2025-10-05T00:00:00+00:00 [queued]>
[2025-10-06T23:45:46.515+0000] {taskinstance.py:1279} INFO - 
--------------------------------------------------------------------------------
[2025-10-06T23:45:46.515+0000] {taskinstance.py:1280} INFO - Starting attempt 1 of 2
[2025-10-06T23:45:46.515+0000] {taskinstance.py:1281} INFO - 
--------------------------------------------------------------------------------
[2025-10-06T23:45:46.521+0000] {taskinstance.py:1300} INFO - Executing <Task(PythonOperator): train_model> on 2025-10-05 00:00:00+00:00
[2025-10-06T23:45:46.533+0000] {standard_task_runner.py:55} INFO - Started process 111 to run task
[2025-10-06T23:45:46.535+0000] {standard_task_runner.py:82} INFO - Running: ['***', 'tasks', 'run', 'pytorch_circle_classifier', 'train_model', 'scheduled__2025-10-05T00:00:00+00:00', '--job-id', '7', '--raw', '--subdir', 'DAGS_FOLDER/***.py', '--cfg-path', '/tmp/tmpeaoc2jsx']
[2025-10-06T23:45:46.537+0000] {standard_task_runner.py:83} INFO - Job 7: Subtask train_model
[2025-10-06T23:45:46.579+0000] {task_command.py:388} INFO - Running <TaskInstance: pytorch_circle_classifier.train_model scheduled__2025-10-05T00:00:00+00:00 [running]> on host ea010b5ab1b3
[2025-10-06T23:45:46.845+0000] {taskinstance.py:1509} INFO - Exporting the following env vars:
AIRFLOW_CTX_DAG_OWNER=Aditya
AIRFLOW_CTX_DAG_ID=pytorch_circle_classifier
AIRFLOW_CTX_TASK_ID=train_model
AIRFLOW_CTX_EXECUTION_DATE=2025-10-05T00:00:00+00:00
AIRFLOW_CTX_TRY_NUMBER=1
AIRFLOW_CTX_DAG_RUN_ID=scheduled__2025-10-05T00:00:00+00:00
[2025-10-06T23:45:46.845+0000] {logging_mixin.py:137} INFO - Training neural network...
[2025-10-06T23:45:46.909+0000] {logging_mixin.py:137} INFO - Epoch [100/1000], Loss: 0.5597
[2025-10-06T23:45:46.939+0000] {logging_mixin.py:137} INFO - Epoch [200/1000], Loss: 0.3016
[2025-10-06T23:45:47.006+0000] {logging_mixin.py:137} INFO - Epoch [300/1000], Loss: 0.1399
[2025-10-06T23:45:47.040+0000] {logging_mixin.py:137} INFO - Epoch [400/1000], Loss: 0.0769
[2025-10-06T23:45:47.105+0000] {logging_mixin.py:137} INFO - Epoch [500/1000], Loss: 0.0493
[2025-10-06T23:45:47.145+0000] {logging_mixin.py:137} INFO - Epoch [600/1000], Loss: 0.0347
[2025-10-06T23:45:47.174+0000] {logging_mixin.py:137} INFO - Epoch [700/1000], Loss: 0.0260
[2025-10-06T23:45:47.225+0000] {logging_mixin.py:137} INFO - Epoch [800/1000], Loss: 0.0204
[2025-10-06T23:45:47.261+0000] {logging_mixin.py:137} INFO - Epoch [900/1000], Loss: 0.0164
[2025-10-06T23:45:47.318+0000] {logging_mixin.py:137} INFO - Epoch [1000/1000], Loss: 0.0135
[2025-10-06T23:45:47.319+0000] {logging_mixin.py:137} INFO - Training finished.
[2025-10-06T23:45:47.320+0000] {logging_mixin.py:137} INFO - Test Accuracy: 1.0000
[2025-10-06T23:45:47.322+0000] {logging_mixin.py:137} INFO - Model saved to ./models/circle_classifier.pth
[2025-10-06T23:45:47.344+0000] {python.py:177} INFO - Done. Returned value was: ./models/circle_classifier.pth
[2025-10-06T23:45:47.365+0000] {taskinstance.py:1323} INFO - Marking task as SUCCESS. dag_id=pytorch_circle_classifier, task_id=train_model, execution_date=20251005T000000, start_date=20251006T234546, end_date=20251006T234547
[2025-10-06T23:45:47.419+0000] {local_task_job.py:208} INFO - Task exited with return code 0
[2025-10-06T23:45:47.452+0000] {taskinstance.py:2578} INFO - 1 downstream tasks scheduled from follow-on schedule check
