[2025-10-07T00:00:20.048+0000] {processor.py:153} INFO - Started process (PID=37) to work on /opt/airflow/dags/airflow.py
[2025-10-07T00:00:20.049+0000] {processor.py:743} INFO - Processing file /opt/airflow/dags/airflow.py for tasks to queue
[2025-10-07T00:00:20.050+0000] {logging_mixin.py:137} INFO - [2025-10-07T00:00:20.050+0000] {dagbag.py:538} INFO - Filling up the DagBag from /opt/airflow/dags/airflow.py
[2025-10-07T00:00:21.661+0000] {logging_mixin.py:137} WARNING - /home/airflow/.local/lib/python3.7/site-packages/airflow/models/baseoperator.py:394 RemovedInAirflow3Warning: none_failed_or_skipped Trigger Rule is deprecated. Please use `none_failed_min_one_success`.
[2025-10-07T00:00:21.662+0000] {logging_mixin.py:137} INFO - [2025-10-07T00:00:21.662+0000] {taskmixin.py:205} WARNING - Dependency <Task(PythonOperator): preprocess_data>, train_model already registered for DAG: pytorch_circle_classifier
[2025-10-07T00:00:21.663+0000] {logging_mixin.py:137} INFO - [2025-10-07T00:00:21.663+0000] {taskmixin.py:205} WARNING - Dependency <Task(PythonOperator): train_model>, preprocess_data already registered for DAG: pytorch_circle_classifier
[2025-10-07T00:00:21.713+0000] {processor.py:753} INFO - DAG(s) dict_keys(['pytorch_circle_classifier']) retrieved from /opt/airflow/dags/airflow.py
[2025-10-07T00:00:21.802+0000] {logging_mixin.py:137} INFO - [2025-10-07T00:00:21.802+0000] {dag.py:2690} INFO - Sync 1 DAGs
[2025-10-07T00:00:21.824+0000] {logging_mixin.py:137} INFO - [2025-10-07T00:00:21.824+0000] {dag.py:3441} INFO - Setting next_dagrun for pytorch_circle_classifier to 2025-10-06T00:00:00+00:00, run_after=2025-10-07T00:00:00+00:00
[2025-10-07T00:00:21.838+0000] {processor.py:175} INFO - Processing /opt/airflow/dags/airflow.py took 1.794 seconds
[2025-10-07T00:00:52.721+0000] {processor.py:153} INFO - Started process (PID=87) to work on /opt/airflow/dags/airflow.py
[2025-10-07T00:00:52.722+0000] {processor.py:743} INFO - Processing file /opt/airflow/dags/airflow.py for tasks to queue
[2025-10-07T00:00:52.724+0000] {logging_mixin.py:137} INFO - [2025-10-07T00:00:52.724+0000] {dagbag.py:538} INFO - Filling up the DagBag from /opt/airflow/dags/airflow.py
[2025-10-07T00:00:54.319+0000] {logging_mixin.py:137} WARNING - /home/airflow/.local/lib/python3.7/site-packages/airflow/models/baseoperator.py:394 RemovedInAirflow3Warning: none_failed_or_skipped Trigger Rule is deprecated. Please use `none_failed_min_one_success`.
[2025-10-07T00:00:54.320+0000] {logging_mixin.py:137} INFO - [2025-10-07T00:00:54.320+0000] {taskmixin.py:205} WARNING - Dependency <Task(PythonOperator): preprocess_data>, train_model already registered for DAG: pytorch_circle_classifier
[2025-10-07T00:00:54.320+0000] {logging_mixin.py:137} INFO - [2025-10-07T00:00:54.320+0000] {taskmixin.py:205} WARNING - Dependency <Task(PythonOperator): train_model>, preprocess_data already registered for DAG: pytorch_circle_classifier
[2025-10-07T00:00:54.329+0000] {processor.py:753} INFO - DAG(s) dict_keys(['pytorch_circle_classifier']) retrieved from /opt/airflow/dags/airflow.py
[2025-10-07T00:00:54.346+0000] {logging_mixin.py:137} INFO - [2025-10-07T00:00:54.346+0000] {dag.py:2690} INFO - Sync 1 DAGs
[2025-10-07T00:00:54.359+0000] {logging_mixin.py:137} INFO - [2025-10-07T00:00:54.359+0000] {dag.py:3441} INFO - Setting next_dagrun for pytorch_circle_classifier to 2025-10-07T00:00:00+00:00, run_after=2025-10-08T00:00:00+00:00
[2025-10-07T00:00:54.368+0000] {processor.py:175} INFO - Processing /opt/airflow/dags/airflow.py took 1.651 seconds
[2025-10-07T00:01:24.909+0000] {processor.py:153} INFO - Started process (PID=120) to work on /opt/airflow/dags/airflow.py
[2025-10-07T00:01:24.911+0000] {processor.py:743} INFO - Processing file /opt/airflow/dags/airflow.py for tasks to queue
[2025-10-07T00:01:24.912+0000] {logging_mixin.py:137} INFO - [2025-10-07T00:01:24.912+0000] {dagbag.py:538} INFO - Filling up the DagBag from /opt/airflow/dags/airflow.py
[2025-10-07T00:01:26.165+0000] {logging_mixin.py:137} WARNING - /home/airflow/.local/lib/python3.7/site-packages/airflow/models/baseoperator.py:394 RemovedInAirflow3Warning: none_failed_or_skipped Trigger Rule is deprecated. Please use `none_failed_min_one_success`.
[2025-10-07T00:01:26.166+0000] {logging_mixin.py:137} INFO - [2025-10-07T00:01:26.166+0000] {taskmixin.py:205} WARNING - Dependency <Task(PythonOperator): preprocess_data>, train_model already registered for DAG: pytorch_circle_classifier
[2025-10-07T00:01:26.166+0000] {logging_mixin.py:137} INFO - [2025-10-07T00:01:26.166+0000] {taskmixin.py:205} WARNING - Dependency <Task(PythonOperator): train_model>, preprocess_data already registered for DAG: pytorch_circle_classifier
[2025-10-07T00:01:26.170+0000] {processor.py:753} INFO - DAG(s) dict_keys(['pytorch_circle_classifier']) retrieved from /opt/airflow/dags/airflow.py
[2025-10-07T00:01:26.187+0000] {logging_mixin.py:137} INFO - [2025-10-07T00:01:26.187+0000] {dag.py:2690} INFO - Sync 1 DAGs
[2025-10-07T00:01:26.203+0000] {logging_mixin.py:137} INFO - [2025-10-07T00:01:26.203+0000] {dag.py:3441} INFO - Setting next_dagrun for pytorch_circle_classifier to 2025-10-07T00:00:00+00:00, run_after=2025-10-08T00:00:00+00:00
[2025-10-07T00:01:26.214+0000] {processor.py:175} INFO - Processing /opt/airflow/dags/airflow.py took 1.312 seconds
[2025-10-07T00:01:56.368+0000] {processor.py:153} INFO - Started process (PID=170) to work on /opt/airflow/dags/airflow.py
[2025-10-07T00:01:56.371+0000] {processor.py:743} INFO - Processing file /opt/airflow/dags/airflow.py for tasks to queue
[2025-10-07T00:01:56.372+0000] {logging_mixin.py:137} INFO - [2025-10-07T00:01:56.372+0000] {dagbag.py:538} INFO - Filling up the DagBag from /opt/airflow/dags/airflow.py
[2025-10-07T00:01:57.313+0000] {logging_mixin.py:137} WARNING - /home/airflow/.local/lib/python3.7/site-packages/airflow/models/baseoperator.py:394 RemovedInAirflow3Warning: none_failed_or_skipped Trigger Rule is deprecated. Please use `none_failed_min_one_success`.
[2025-10-07T00:01:57.314+0000] {logging_mixin.py:137} INFO - [2025-10-07T00:01:57.313+0000] {taskmixin.py:205} WARNING - Dependency <Task(PythonOperator): preprocess_data>, train_model already registered for DAG: pytorch_circle_classifier
[2025-10-07T00:01:57.314+0000] {logging_mixin.py:137} INFO - [2025-10-07T00:01:57.314+0000] {taskmixin.py:205} WARNING - Dependency <Task(PythonOperator): train_model>, preprocess_data already registered for DAG: pytorch_circle_classifier
[2025-10-07T00:01:57.317+0000] {processor.py:753} INFO - DAG(s) dict_keys(['pytorch_circle_classifier']) retrieved from /opt/airflow/dags/airflow.py
[2025-10-07T00:01:57.333+0000] {logging_mixin.py:137} INFO - [2025-10-07T00:01:57.333+0000] {dag.py:2690} INFO - Sync 1 DAGs
[2025-10-07T00:01:57.345+0000] {logging_mixin.py:137} INFO - [2025-10-07T00:01:57.345+0000] {dag.py:3441} INFO - Setting next_dagrun for pytorch_circle_classifier to 2025-10-07T00:00:00+00:00, run_after=2025-10-08T00:00:00+00:00
[2025-10-07T00:01:57.353+0000] {processor.py:175} INFO - Processing /opt/airflow/dags/airflow.py took 0.991 seconds
[2025-10-07T00:02:27.864+0000] {processor.py:153} INFO - Started process (PID=220) to work on /opt/airflow/dags/airflow.py
[2025-10-07T00:02:27.866+0000] {processor.py:743} INFO - Processing file /opt/airflow/dags/airflow.py for tasks to queue
[2025-10-07T00:02:27.869+0000] {logging_mixin.py:137} INFO - [2025-10-07T00:02:27.869+0000] {dagbag.py:538} INFO - Filling up the DagBag from /opt/airflow/dags/airflow.py
[2025-10-07T00:02:28.876+0000] {logging_mixin.py:137} WARNING - /home/airflow/.local/lib/python3.7/site-packages/airflow/models/baseoperator.py:394 RemovedInAirflow3Warning: none_failed_or_skipped Trigger Rule is deprecated. Please use `none_failed_min_one_success`.
[2025-10-07T00:02:28.877+0000] {logging_mixin.py:137} INFO - [2025-10-07T00:02:28.877+0000] {taskmixin.py:205} WARNING - Dependency <Task(PythonOperator): preprocess_data>, train_model already registered for DAG: pytorch_circle_classifier
[2025-10-07T00:02:28.877+0000] {logging_mixin.py:137} INFO - [2025-10-07T00:02:28.877+0000] {taskmixin.py:205} WARNING - Dependency <Task(PythonOperator): train_model>, preprocess_data already registered for DAG: pytorch_circle_classifier
[2025-10-07T00:02:28.880+0000] {processor.py:753} INFO - DAG(s) dict_keys(['pytorch_circle_classifier']) retrieved from /opt/airflow/dags/airflow.py
[2025-10-07T00:02:28.906+0000] {logging_mixin.py:137} INFO - [2025-10-07T00:02:28.904+0000] {dag.py:2690} INFO - Sync 1 DAGs
[2025-10-07T00:02:28.920+0000] {logging_mixin.py:137} INFO - [2025-10-07T00:02:28.920+0000] {dag.py:3441} INFO - Setting next_dagrun for pytorch_circle_classifier to 2025-10-07T00:00:00+00:00, run_after=2025-10-08T00:00:00+00:00
[2025-10-07T00:02:28.929+0000] {processor.py:175} INFO - Processing /opt/airflow/dags/airflow.py took 1.071 seconds
[2025-10-07T00:02:59.208+0000] {processor.py:153} INFO - Started process (PID=263) to work on /opt/airflow/dags/airflow.py
[2025-10-07T00:02:59.209+0000] {processor.py:743} INFO - Processing file /opt/airflow/dags/airflow.py for tasks to queue
[2025-10-07T00:02:59.210+0000] {logging_mixin.py:137} INFO - [2025-10-07T00:02:59.210+0000] {dagbag.py:538} INFO - Filling up the DagBag from /opt/airflow/dags/airflow.py
[2025-10-07T00:03:00.486+0000] {logging_mixin.py:137} WARNING - /home/airflow/.local/lib/python3.7/site-packages/airflow/models/baseoperator.py:394 RemovedInAirflow3Warning: none_failed_or_skipped Trigger Rule is deprecated. Please use `none_failed_min_one_success`.
[2025-10-07T00:03:00.486+0000] {logging_mixin.py:137} INFO - [2025-10-07T00:03:00.486+0000] {taskmixin.py:205} WARNING - Dependency <Task(PythonOperator): preprocess_data>, train_model already registered for DAG: pytorch_circle_classifier
[2025-10-07T00:03:00.486+0000] {logging_mixin.py:137} INFO - [2025-10-07T00:03:00.486+0000] {taskmixin.py:205} WARNING - Dependency <Task(PythonOperator): train_model>, preprocess_data already registered for DAG: pytorch_circle_classifier
[2025-10-07T00:03:00.492+0000] {processor.py:753} INFO - DAG(s) dict_keys(['pytorch_circle_classifier']) retrieved from /opt/airflow/dags/airflow.py
[2025-10-07T00:03:00.504+0000] {logging_mixin.py:137} INFO - [2025-10-07T00:03:00.504+0000] {dag.py:2690} INFO - Sync 1 DAGs
[2025-10-07T00:03:00.516+0000] {logging_mixin.py:137} INFO - [2025-10-07T00:03:00.516+0000] {dag.py:3441} INFO - Setting next_dagrun for pytorch_circle_classifier to 2025-10-07T00:00:00+00:00, run_after=2025-10-08T00:00:00+00:00
[2025-10-07T00:03:00.524+0000] {processor.py:175} INFO - Processing /opt/airflow/dags/airflow.py took 1.322 seconds
[2025-10-07T00:03:30.829+0000] {processor.py:153} INFO - Started process (PID=304) to work on /opt/airflow/dags/airflow.py
[2025-10-07T00:03:30.831+0000] {processor.py:743} INFO - Processing file /opt/airflow/dags/airflow.py for tasks to queue
[2025-10-07T00:03:30.832+0000] {logging_mixin.py:137} INFO - [2025-10-07T00:03:30.831+0000] {dagbag.py:538} INFO - Filling up the DagBag from /opt/airflow/dags/airflow.py
[2025-10-07T00:03:32.366+0000] {logging_mixin.py:137} WARNING - /home/airflow/.local/lib/python3.7/site-packages/airflow/models/baseoperator.py:394 RemovedInAirflow3Warning: none_failed_or_skipped Trigger Rule is deprecated. Please use `none_failed_min_one_success`.
[2025-10-07T00:03:32.367+0000] {logging_mixin.py:137} INFO - [2025-10-07T00:03:32.367+0000] {taskmixin.py:205} WARNING - Dependency <Task(PythonOperator): preprocess_data>, train_model already registered for DAG: pytorch_circle_classifier
[2025-10-07T00:03:32.367+0000] {logging_mixin.py:137} INFO - [2025-10-07T00:03:32.367+0000] {taskmixin.py:205} WARNING - Dependency <Task(PythonOperator): train_model>, preprocess_data already registered for DAG: pytorch_circle_classifier
[2025-10-07T00:03:32.372+0000] {processor.py:753} INFO - DAG(s) dict_keys(['pytorch_circle_classifier']) retrieved from /opt/airflow/dags/airflow.py
[2025-10-07T00:03:32.404+0000] {logging_mixin.py:137} INFO - [2025-10-07T00:03:32.403+0000] {dag.py:2690} INFO - Sync 1 DAGs
[2025-10-07T00:03:32.419+0000] {logging_mixin.py:137} INFO - [2025-10-07T00:03:32.419+0000] {dag.py:3441} INFO - Setting next_dagrun for pytorch_circle_classifier to 2025-10-07T00:00:00+00:00, run_after=2025-10-08T00:00:00+00:00
[2025-10-07T00:03:32.433+0000] {processor.py:175} INFO - Processing /opt/airflow/dags/airflow.py took 1.614 seconds
[2025-10-07T00:04:02.754+0000] {processor.py:153} INFO - Started process (PID=354) to work on /opt/airflow/dags/airflow.py
[2025-10-07T00:04:02.756+0000] {processor.py:743} INFO - Processing file /opt/airflow/dags/airflow.py for tasks to queue
[2025-10-07T00:04:02.757+0000] {logging_mixin.py:137} INFO - [2025-10-07T00:04:02.757+0000] {dagbag.py:538} INFO - Filling up the DagBag from /opt/airflow/dags/airflow.py
[2025-10-07T00:04:03.982+0000] {logging_mixin.py:137} WARNING - /home/airflow/.local/lib/python3.7/site-packages/airflow/models/baseoperator.py:394 RemovedInAirflow3Warning: none_failed_or_skipped Trigger Rule is deprecated. Please use `none_failed_min_one_success`.
[2025-10-07T00:04:03.983+0000] {logging_mixin.py:137} INFO - [2025-10-07T00:04:03.983+0000] {taskmixin.py:205} WARNING - Dependency <Task(PythonOperator): preprocess_data>, train_model already registered for DAG: pytorch_circle_classifier
[2025-10-07T00:04:03.983+0000] {logging_mixin.py:137} INFO - [2025-10-07T00:04:03.983+0000] {taskmixin.py:205} WARNING - Dependency <Task(PythonOperator): train_model>, preprocess_data already registered for DAG: pytorch_circle_classifier
[2025-10-07T00:04:03.987+0000] {processor.py:753} INFO - DAG(s) dict_keys(['pytorch_circle_classifier']) retrieved from /opt/airflow/dags/airflow.py
[2025-10-07T00:04:04.000+0000] {logging_mixin.py:137} INFO - [2025-10-07T00:04:04.000+0000] {dag.py:2690} INFO - Sync 1 DAGs
[2025-10-07T00:04:04.013+0000] {logging_mixin.py:137} INFO - [2025-10-07T00:04:04.013+0000] {dag.py:3441} INFO - Setting next_dagrun for pytorch_circle_classifier to 2025-10-07T00:00:00+00:00, run_after=2025-10-08T00:00:00+00:00
[2025-10-07T00:04:04.021+0000] {processor.py:175} INFO - Processing /opt/airflow/dags/airflow.py took 1.273 seconds
[2025-10-07T00:04:34.318+0000] {processor.py:153} INFO - Started process (PID=404) to work on /opt/airflow/dags/airflow.py
[2025-10-07T00:04:34.324+0000] {processor.py:743} INFO - Processing file /opt/airflow/dags/airflow.py for tasks to queue
[2025-10-07T00:04:34.330+0000] {logging_mixin.py:137} INFO - [2025-10-07T00:04:34.330+0000] {dagbag.py:538} INFO - Filling up the DagBag from /opt/airflow/dags/airflow.py
[2025-10-07T00:04:35.303+0000] {logging_mixin.py:137} WARNING - /home/airflow/.local/lib/python3.7/site-packages/airflow/models/baseoperator.py:394 RemovedInAirflow3Warning: none_failed_or_skipped Trigger Rule is deprecated. Please use `none_failed_min_one_success`.
[2025-10-07T00:04:35.303+0000] {logging_mixin.py:137} INFO - [2025-10-07T00:04:35.303+0000] {taskmixin.py:205} WARNING - Dependency <Task(PythonOperator): preprocess_data>, train_model already registered for DAG: pytorch_circle_classifier
[2025-10-07T00:04:35.303+0000] {logging_mixin.py:137} INFO - [2025-10-07T00:04:35.303+0000] {taskmixin.py:205} WARNING - Dependency <Task(PythonOperator): train_model>, preprocess_data already registered for DAG: pytorch_circle_classifier
[2025-10-07T00:04:35.307+0000] {processor.py:753} INFO - DAG(s) dict_keys(['pytorch_circle_classifier']) retrieved from /opt/airflow/dags/airflow.py
[2025-10-07T00:04:35.321+0000] {logging_mixin.py:137} INFO - [2025-10-07T00:04:35.321+0000] {dag.py:2690} INFO - Sync 1 DAGs
[2025-10-07T00:04:35.336+0000] {logging_mixin.py:137} INFO - [2025-10-07T00:04:35.336+0000] {dag.py:3441} INFO - Setting next_dagrun for pytorch_circle_classifier to 2025-10-07T00:00:00+00:00, run_after=2025-10-08T00:00:00+00:00
[2025-10-07T00:04:35.344+0000] {processor.py:175} INFO - Processing /opt/airflow/dags/airflow.py took 1.035 seconds
[2025-10-07T00:05:05.631+0000] {processor.py:153} INFO - Started process (PID=454) to work on /opt/airflow/dags/airflow.py
[2025-10-07T00:05:05.633+0000] {processor.py:743} INFO - Processing file /opt/airflow/dags/airflow.py for tasks to queue
[2025-10-07T00:05:05.634+0000] {logging_mixin.py:137} INFO - [2025-10-07T00:05:05.634+0000] {dagbag.py:538} INFO - Filling up the DagBag from /opt/airflow/dags/airflow.py
[2025-10-07T00:05:06.882+0000] {logging_mixin.py:137} WARNING - /home/airflow/.local/lib/python3.7/site-packages/airflow/models/baseoperator.py:394 RemovedInAirflow3Warning: none_failed_or_skipped Trigger Rule is deprecated. Please use `none_failed_min_one_success`.
[2025-10-07T00:05:06.883+0000] {logging_mixin.py:137} INFO - [2025-10-07T00:05:06.883+0000] {taskmixin.py:205} WARNING - Dependency <Task(PythonOperator): preprocess_data>, train_model already registered for DAG: pytorch_circle_classifier
[2025-10-07T00:05:06.883+0000] {logging_mixin.py:137} INFO - [2025-10-07T00:05:06.883+0000] {taskmixin.py:205} WARNING - Dependency <Task(PythonOperator): train_model>, preprocess_data already registered for DAG: pytorch_circle_classifier
[2025-10-07T00:05:06.886+0000] {processor.py:753} INFO - DAG(s) dict_keys(['pytorch_circle_classifier']) retrieved from /opt/airflow/dags/airflow.py
[2025-10-07T00:05:06.899+0000] {logging_mixin.py:137} INFO - [2025-10-07T00:05:06.899+0000] {dag.py:2690} INFO - Sync 1 DAGs
[2025-10-07T00:05:06.912+0000] {logging_mixin.py:137} INFO - [2025-10-07T00:05:06.912+0000] {dag.py:3441} INFO - Setting next_dagrun for pytorch_circle_classifier to 2025-10-07T00:00:00+00:00, run_after=2025-10-08T00:00:00+00:00
[2025-10-07T00:05:06.925+0000] {processor.py:175} INFO - Processing /opt/airflow/dags/airflow.py took 1.301 seconds
[2025-10-07T00:05:37.415+0000] {processor.py:153} INFO - Started process (PID=488) to work on /opt/airflow/dags/airflow.py
[2025-10-07T00:05:37.417+0000] {processor.py:743} INFO - Processing file /opt/airflow/dags/airflow.py for tasks to queue
[2025-10-07T00:05:37.419+0000] {logging_mixin.py:137} INFO - [2025-10-07T00:05:37.419+0000] {dagbag.py:538} INFO - Filling up the DagBag from /opt/airflow/dags/airflow.py
[2025-10-07T00:05:38.812+0000] {logging_mixin.py:137} WARNING - /home/airflow/.local/lib/python3.7/site-packages/airflow/models/baseoperator.py:394 RemovedInAirflow3Warning: none_failed_or_skipped Trigger Rule is deprecated. Please use `none_failed_min_one_success`.
[2025-10-07T00:05:38.812+0000] {logging_mixin.py:137} INFO - [2025-10-07T00:05:38.812+0000] {taskmixin.py:205} WARNING - Dependency <Task(PythonOperator): preprocess_data>, train_model already registered for DAG: pytorch_circle_classifier
[2025-10-07T00:05:38.812+0000] {logging_mixin.py:137} INFO - [2025-10-07T00:05:38.812+0000] {taskmixin.py:205} WARNING - Dependency <Task(PythonOperator): train_model>, preprocess_data already registered for DAG: pytorch_circle_classifier
[2025-10-07T00:05:38.816+0000] {processor.py:753} INFO - DAG(s) dict_keys(['pytorch_circle_classifier']) retrieved from /opt/airflow/dags/airflow.py
[2025-10-07T00:05:38.845+0000] {logging_mixin.py:137} INFO - [2025-10-07T00:05:38.844+0000] {dag.py:2690} INFO - Sync 1 DAGs
[2025-10-07T00:05:38.862+0000] {logging_mixin.py:137} INFO - [2025-10-07T00:05:38.862+0000] {dag.py:3441} INFO - Setting next_dagrun for pytorch_circle_classifier to 2025-10-07T00:00:00+00:00, run_after=2025-10-08T00:00:00+00:00
[2025-10-07T00:05:38.872+0000] {processor.py:175} INFO - Processing /opt/airflow/dags/airflow.py took 1.465 seconds
[2025-10-07T00:06:09.058+0000] {processor.py:153} INFO - Started process (PID=538) to work on /opt/airflow/dags/airflow.py
[2025-10-07T00:06:09.073+0000] {processor.py:743} INFO - Processing file /opt/airflow/dags/airflow.py for tasks to queue
[2025-10-07T00:06:09.082+0000] {logging_mixin.py:137} INFO - [2025-10-07T00:06:09.079+0000] {dagbag.py:538} INFO - Filling up the DagBag from /opt/airflow/dags/airflow.py
[2025-10-07T00:06:11.287+0000] {logging_mixin.py:137} WARNING - /home/airflow/.local/lib/python3.7/site-packages/airflow/models/baseoperator.py:394 RemovedInAirflow3Warning: none_failed_or_skipped Trigger Rule is deprecated. Please use `none_failed_min_one_success`.
[2025-10-07T00:06:11.304+0000] {logging_mixin.py:137} INFO - [2025-10-07T00:06:11.303+0000] {taskmixin.py:205} WARNING - Dependency <Task(PythonOperator): preprocess_data>, train_model already registered for DAG: pytorch_circle_classifier
[2025-10-07T00:06:11.322+0000] {logging_mixin.py:137} INFO - [2025-10-07T00:06:11.322+0000] {taskmixin.py:205} WARNING - Dependency <Task(PythonOperator): train_model>, preprocess_data already registered for DAG: pytorch_circle_classifier
[2025-10-07T00:06:11.338+0000] {processor.py:753} INFO - DAG(s) dict_keys(['pytorch_circle_classifier']) retrieved from /opt/airflow/dags/airflow.py
[2025-10-07T00:06:11.370+0000] {logging_mixin.py:137} INFO - [2025-10-07T00:06:11.369+0000] {dag.py:2690} INFO - Sync 1 DAGs
[2025-10-07T00:06:11.390+0000] {logging_mixin.py:137} INFO - [2025-10-07T00:06:11.390+0000] {dag.py:3441} INFO - Setting next_dagrun for pytorch_circle_classifier to 2025-10-07T00:00:00+00:00, run_after=2025-10-08T00:00:00+00:00
[2025-10-07T00:06:11.403+0000] {processor.py:175} INFO - Processing /opt/airflow/dags/airflow.py took 2.358 seconds
[2025-10-07T00:06:41.549+0000] {processor.py:153} INFO - Started process (PID=588) to work on /opt/airflow/dags/airflow.py
[2025-10-07T00:06:41.551+0000] {processor.py:743} INFO - Processing file /opt/airflow/dags/airflow.py for tasks to queue
[2025-10-07T00:06:41.552+0000] {logging_mixin.py:137} INFO - [2025-10-07T00:06:41.552+0000] {dagbag.py:538} INFO - Filling up the DagBag from /opt/airflow/dags/airflow.py
[2025-10-07T00:06:42.495+0000] {logging_mixin.py:137} WARNING - /home/airflow/.local/lib/python3.7/site-packages/airflow/models/baseoperator.py:394 RemovedInAirflow3Warning: none_failed_or_skipped Trigger Rule is deprecated. Please use `none_failed_min_one_success`.
[2025-10-07T00:06:42.495+0000] {logging_mixin.py:137} INFO - [2025-10-07T00:06:42.495+0000] {taskmixin.py:205} WARNING - Dependency <Task(PythonOperator): preprocess_data>, train_model already registered for DAG: pytorch_circle_classifier
[2025-10-07T00:06:42.495+0000] {logging_mixin.py:137} INFO - [2025-10-07T00:06:42.495+0000] {taskmixin.py:205} WARNING - Dependency <Task(PythonOperator): train_model>, preprocess_data already registered for DAG: pytorch_circle_classifier
[2025-10-07T00:06:42.499+0000] {processor.py:753} INFO - DAG(s) dict_keys(['pytorch_circle_classifier']) retrieved from /opt/airflow/dags/airflow.py
[2025-10-07T00:06:42.514+0000] {logging_mixin.py:137} INFO - [2025-10-07T00:06:42.514+0000] {dag.py:2690} INFO - Sync 1 DAGs
[2025-10-07T00:06:42.527+0000] {logging_mixin.py:137} INFO - [2025-10-07T00:06:42.527+0000] {dag.py:3441} INFO - Setting next_dagrun for pytorch_circle_classifier to 2025-10-07T00:00:00+00:00, run_after=2025-10-08T00:00:00+00:00
[2025-10-07T00:06:42.539+0000] {processor.py:175} INFO - Processing /opt/airflow/dags/airflow.py took 0.995 seconds
[2025-10-07T00:07:12.900+0000] {processor.py:153} INFO - Started process (PID=622) to work on /opt/airflow/dags/airflow.py
[2025-10-07T00:07:12.902+0000] {processor.py:743} INFO - Processing file /opt/airflow/dags/airflow.py for tasks to queue
[2025-10-07T00:07:12.903+0000] {logging_mixin.py:137} INFO - [2025-10-07T00:07:12.903+0000] {dagbag.py:538} INFO - Filling up the DagBag from /opt/airflow/dags/airflow.py
[2025-10-07T00:07:14.579+0000] {logging_mixin.py:137} WARNING - /home/airflow/.local/lib/python3.7/site-packages/airflow/models/baseoperator.py:394 RemovedInAirflow3Warning: none_failed_or_skipped Trigger Rule is deprecated. Please use `none_failed_min_one_success`.
[2025-10-07T00:07:14.579+0000] {logging_mixin.py:137} INFO - [2025-10-07T00:07:14.579+0000] {taskmixin.py:205} WARNING - Dependency <Task(PythonOperator): preprocess_data>, train_model already registered for DAG: pytorch_circle_classifier
[2025-10-07T00:07:14.579+0000] {logging_mixin.py:137} INFO - [2025-10-07T00:07:14.579+0000] {taskmixin.py:205} WARNING - Dependency <Task(PythonOperator): train_model>, preprocess_data already registered for DAG: pytorch_circle_classifier
[2025-10-07T00:07:14.587+0000] {processor.py:753} INFO - DAG(s) dict_keys(['pytorch_circle_classifier']) retrieved from /opt/airflow/dags/airflow.py
[2025-10-07T00:07:14.610+0000] {logging_mixin.py:137} INFO - [2025-10-07T00:07:14.609+0000] {dag.py:2690} INFO - Sync 1 DAGs
[2025-10-07T00:07:14.624+0000] {logging_mixin.py:137} INFO - [2025-10-07T00:07:14.624+0000] {dag.py:3441} INFO - Setting next_dagrun for pytorch_circle_classifier to 2025-10-07T00:00:00+00:00, run_after=2025-10-08T00:00:00+00:00
[2025-10-07T00:07:14.633+0000] {processor.py:175} INFO - Processing /opt/airflow/dags/airflow.py took 1.741 seconds
[2025-10-07T00:07:45.037+0000] {processor.py:153} INFO - Started process (PID=672) to work on /opt/airflow/dags/airflow.py
[2025-10-07T00:07:45.039+0000] {processor.py:743} INFO - Processing file /opt/airflow/dags/airflow.py for tasks to queue
[2025-10-07T00:07:45.040+0000] {logging_mixin.py:137} INFO - [2025-10-07T00:07:45.040+0000] {dagbag.py:538} INFO - Filling up the DagBag from /opt/airflow/dags/airflow.py
[2025-10-07T00:07:46.009+0000] {logging_mixin.py:137} WARNING - /home/airflow/.local/lib/python3.7/site-packages/airflow/models/baseoperator.py:394 RemovedInAirflow3Warning: none_failed_or_skipped Trigger Rule is deprecated. Please use `none_failed_min_one_success`.
[2025-10-07T00:07:46.010+0000] {logging_mixin.py:137} INFO - [2025-10-07T00:07:46.010+0000] {taskmixin.py:205} WARNING - Dependency <Task(PythonOperator): preprocess_data>, train_model already registered for DAG: pytorch_circle_classifier
[2025-10-07T00:07:46.011+0000] {logging_mixin.py:137} INFO - [2025-10-07T00:07:46.010+0000] {taskmixin.py:205} WARNING - Dependency <Task(PythonOperator): train_model>, preprocess_data already registered for DAG: pytorch_circle_classifier
[2025-10-07T00:07:46.015+0000] {processor.py:753} INFO - DAG(s) dict_keys(['pytorch_circle_classifier']) retrieved from /opt/airflow/dags/airflow.py
[2025-10-07T00:07:46.033+0000] {logging_mixin.py:137} INFO - [2025-10-07T00:07:46.033+0000] {dag.py:2690} INFO - Sync 1 DAGs
[2025-10-07T00:07:46.045+0000] {logging_mixin.py:137} INFO - [2025-10-07T00:07:46.045+0000] {dag.py:3441} INFO - Setting next_dagrun for pytorch_circle_classifier to 2025-10-07T00:00:00+00:00, run_after=2025-10-08T00:00:00+00:00
[2025-10-07T00:07:46.054+0000] {processor.py:175} INFO - Processing /opt/airflow/dags/airflow.py took 1.022 seconds
[2025-10-07T00:08:16.407+0000] {processor.py:153} INFO - Started process (PID=722) to work on /opt/airflow/dags/airflow.py
[2025-10-07T00:08:16.409+0000] {processor.py:743} INFO - Processing file /opt/airflow/dags/airflow.py for tasks to queue
[2025-10-07T00:08:16.409+0000] {logging_mixin.py:137} INFO - [2025-10-07T00:08:16.409+0000] {dagbag.py:538} INFO - Filling up the DagBag from /opt/airflow/dags/airflow.py
[2025-10-07T00:08:17.287+0000] {logging_mixin.py:137} WARNING - /home/airflow/.local/lib/python3.7/site-packages/airflow/models/baseoperator.py:394 RemovedInAirflow3Warning: none_failed_or_skipped Trigger Rule is deprecated. Please use `none_failed_min_one_success`.
[2025-10-07T00:08:17.288+0000] {logging_mixin.py:137} INFO - [2025-10-07T00:08:17.288+0000] {taskmixin.py:205} WARNING - Dependency <Task(PythonOperator): preprocess_data>, train_model already registered for DAG: pytorch_circle_classifier
[2025-10-07T00:08:17.288+0000] {logging_mixin.py:137} INFO - [2025-10-07T00:08:17.288+0000] {taskmixin.py:205} WARNING - Dependency <Task(PythonOperator): train_model>, preprocess_data already registered for DAG: pytorch_circle_classifier
[2025-10-07T00:08:17.291+0000] {processor.py:753} INFO - DAG(s) dict_keys(['pytorch_circle_classifier']) retrieved from /opt/airflow/dags/airflow.py
[2025-10-07T00:08:17.313+0000] {logging_mixin.py:137} INFO - [2025-10-07T00:08:17.313+0000] {dag.py:2690} INFO - Sync 1 DAGs
[2025-10-07T00:08:17.325+0000] {logging_mixin.py:137} INFO - [2025-10-07T00:08:17.324+0000] {dag.py:3441} INFO - Setting next_dagrun for pytorch_circle_classifier to 2025-10-07T00:00:00+00:00, run_after=2025-10-08T00:00:00+00:00
[2025-10-07T00:08:17.332+0000] {processor.py:175} INFO - Processing /opt/airflow/dags/airflow.py took 0.929 seconds
[2025-10-07T00:08:47.719+0000] {processor.py:153} INFO - Started process (PID=772) to work on /opt/airflow/dags/airflow.py
[2025-10-07T00:08:47.721+0000] {processor.py:743} INFO - Processing file /opt/airflow/dags/airflow.py for tasks to queue
[2025-10-07T00:08:47.722+0000] {logging_mixin.py:137} INFO - [2025-10-07T00:08:47.722+0000] {dagbag.py:538} INFO - Filling up the DagBag from /opt/airflow/dags/airflow.py
[2025-10-07T00:08:48.638+0000] {logging_mixin.py:137} WARNING - /home/airflow/.local/lib/python3.7/site-packages/airflow/models/baseoperator.py:394 RemovedInAirflow3Warning: none_failed_or_skipped Trigger Rule is deprecated. Please use `none_failed_min_one_success`.
[2025-10-07T00:08:48.639+0000] {logging_mixin.py:137} INFO - [2025-10-07T00:08:48.639+0000] {taskmixin.py:205} WARNING - Dependency <Task(PythonOperator): preprocess_data>, train_model already registered for DAG: pytorch_circle_classifier
[2025-10-07T00:08:48.639+0000] {logging_mixin.py:137} INFO - [2025-10-07T00:08:48.639+0000] {taskmixin.py:205} WARNING - Dependency <Task(PythonOperator): train_model>, preprocess_data already registered for DAG: pytorch_circle_classifier
[2025-10-07T00:08:48.643+0000] {processor.py:753} INFO - DAG(s) dict_keys(['pytorch_circle_classifier']) retrieved from /opt/airflow/dags/airflow.py
[2025-10-07T00:08:48.660+0000] {logging_mixin.py:137} INFO - [2025-10-07T00:08:48.660+0000] {dag.py:2690} INFO - Sync 1 DAGs
[2025-10-07T00:08:48.674+0000] {logging_mixin.py:137} INFO - [2025-10-07T00:08:48.674+0000] {dag.py:3441} INFO - Setting next_dagrun for pytorch_circle_classifier to 2025-10-07T00:00:00+00:00, run_after=2025-10-08T00:00:00+00:00
[2025-10-07T00:08:48.683+0000] {processor.py:175} INFO - Processing /opt/airflow/dags/airflow.py took 0.969 seconds
[2025-10-07T00:09:19.085+0000] {processor.py:153} INFO - Started process (PID=806) to work on /opt/airflow/dags/airflow.py
[2025-10-07T00:09:19.087+0000] {processor.py:743} INFO - Processing file /opt/airflow/dags/airflow.py for tasks to queue
[2025-10-07T00:09:19.088+0000] {logging_mixin.py:137} INFO - [2025-10-07T00:09:19.088+0000] {dagbag.py:538} INFO - Filling up the DagBag from /opt/airflow/dags/airflow.py
[2025-10-07T00:09:20.952+0000] {logging_mixin.py:137} WARNING - /home/airflow/.local/lib/python3.7/site-packages/airflow/models/baseoperator.py:394 RemovedInAirflow3Warning: none_failed_or_skipped Trigger Rule is deprecated. Please use `none_failed_min_one_success`.
[2025-10-07T00:09:20.953+0000] {logging_mixin.py:137} INFO - [2025-10-07T00:09:20.953+0000] {taskmixin.py:205} WARNING - Dependency <Task(PythonOperator): preprocess_data>, train_model already registered for DAG: pytorch_circle_classifier
[2025-10-07T00:09:20.953+0000] {logging_mixin.py:137} INFO - [2025-10-07T00:09:20.953+0000] {taskmixin.py:205} WARNING - Dependency <Task(PythonOperator): train_model>, preprocess_data already registered for DAG: pytorch_circle_classifier
[2025-10-07T00:09:20.963+0000] {processor.py:753} INFO - DAG(s) dict_keys(['pytorch_circle_classifier']) retrieved from /opt/airflow/dags/airflow.py
[2025-10-07T00:09:21.033+0000] {logging_mixin.py:137} INFO - [2025-10-07T00:09:21.032+0000] {dag.py:2690} INFO - Sync 1 DAGs
[2025-10-07T00:09:21.050+0000] {logging_mixin.py:137} INFO - [2025-10-07T00:09:21.050+0000] {dag.py:3441} INFO - Setting next_dagrun for pytorch_circle_classifier to 2025-10-07T00:00:00+00:00, run_after=2025-10-08T00:00:00+00:00
[2025-10-07T00:09:21.073+0000] {processor.py:175} INFO - Processing /opt/airflow/dags/airflow.py took 1.993 seconds
[2025-10-07T00:09:51.466+0000] {processor.py:153} INFO - Started process (PID=856) to work on /opt/airflow/dags/airflow.py
[2025-10-07T00:09:51.469+0000] {processor.py:743} INFO - Processing file /opt/airflow/dags/airflow.py for tasks to queue
[2025-10-07T00:09:51.473+0000] {logging_mixin.py:137} INFO - [2025-10-07T00:09:51.472+0000] {dagbag.py:538} INFO - Filling up the DagBag from /opt/airflow/dags/airflow.py
[2025-10-07T00:09:52.487+0000] {logging_mixin.py:137} WARNING - /home/airflow/.local/lib/python3.7/site-packages/airflow/models/baseoperator.py:394 RemovedInAirflow3Warning: none_failed_or_skipped Trigger Rule is deprecated. Please use `none_failed_min_one_success`.
[2025-10-07T00:09:52.488+0000] {logging_mixin.py:137} INFO - [2025-10-07T00:09:52.488+0000] {taskmixin.py:205} WARNING - Dependency <Task(PythonOperator): preprocess_data>, train_model already registered for DAG: pytorch_circle_classifier
[2025-10-07T00:09:52.488+0000] {logging_mixin.py:137} INFO - [2025-10-07T00:09:52.488+0000] {taskmixin.py:205} WARNING - Dependency <Task(PythonOperator): train_model>, preprocess_data already registered for DAG: pytorch_circle_classifier
[2025-10-07T00:09:52.493+0000] {processor.py:753} INFO - DAG(s) dict_keys(['pytorch_circle_classifier']) retrieved from /opt/airflow/dags/airflow.py
[2025-10-07T00:09:52.526+0000] {logging_mixin.py:137} INFO - [2025-10-07T00:09:52.524+0000] {dag.py:2690} INFO - Sync 1 DAGs
[2025-10-07T00:09:52.545+0000] {logging_mixin.py:137} INFO - [2025-10-07T00:09:52.545+0000] {dag.py:3441} INFO - Setting next_dagrun for pytorch_circle_classifier to 2025-10-07T00:00:00+00:00, run_after=2025-10-08T00:00:00+00:00
[2025-10-07T00:09:52.554+0000] {processor.py:175} INFO - Processing /opt/airflow/dags/airflow.py took 1.101 seconds
[2025-10-07T00:10:22.908+0000] {processor.py:153} INFO - Started process (PID=906) to work on /opt/airflow/dags/airflow.py
[2025-10-07T00:10:22.909+0000] {processor.py:743} INFO - Processing file /opt/airflow/dags/airflow.py for tasks to queue
[2025-10-07T00:10:22.910+0000] {logging_mixin.py:137} INFO - [2025-10-07T00:10:22.910+0000] {dagbag.py:538} INFO - Filling up the DagBag from /opt/airflow/dags/airflow.py
[2025-10-07T00:10:24.338+0000] {logging_mixin.py:137} WARNING - /home/airflow/.local/lib/python3.7/site-packages/airflow/models/baseoperator.py:394 RemovedInAirflow3Warning: none_failed_or_skipped Trigger Rule is deprecated. Please use `none_failed_min_one_success`.
[2025-10-07T00:10:24.339+0000] {logging_mixin.py:137} INFO - [2025-10-07T00:10:24.339+0000] {taskmixin.py:205} WARNING - Dependency <Task(PythonOperator): preprocess_data>, train_model already registered for DAG: pytorch_circle_classifier
[2025-10-07T00:10:24.339+0000] {logging_mixin.py:137} INFO - [2025-10-07T00:10:24.339+0000] {taskmixin.py:205} WARNING - Dependency <Task(PythonOperator): train_model>, preprocess_data already registered for DAG: pytorch_circle_classifier
[2025-10-07T00:10:24.342+0000] {processor.py:753} INFO - DAG(s) dict_keys(['pytorch_circle_classifier']) retrieved from /opt/airflow/dags/airflow.py
[2025-10-07T00:10:24.356+0000] {logging_mixin.py:137} INFO - [2025-10-07T00:10:24.356+0000] {dag.py:2690} INFO - Sync 1 DAGs
[2025-10-07T00:10:24.370+0000] {logging_mixin.py:137} INFO - [2025-10-07T00:10:24.370+0000] {dag.py:3441} INFO - Setting next_dagrun for pytorch_circle_classifier to 2025-10-07T00:00:00+00:00, run_after=2025-10-08T00:00:00+00:00
[2025-10-07T00:10:24.378+0000] {processor.py:175} INFO - Processing /opt/airflow/dags/airflow.py took 1.479 seconds
[2025-10-07T00:10:54.702+0000] {processor.py:153} INFO - Started process (PID=956) to work on /opt/airflow/dags/airflow.py
[2025-10-07T00:10:54.704+0000] {processor.py:743} INFO - Processing file /opt/airflow/dags/airflow.py for tasks to queue
[2025-10-07T00:10:54.704+0000] {logging_mixin.py:137} INFO - [2025-10-07T00:10:54.704+0000] {dagbag.py:538} INFO - Filling up the DagBag from /opt/airflow/dags/airflow.py
[2025-10-07T00:10:55.546+0000] {logging_mixin.py:137} WARNING - /home/airflow/.local/lib/python3.7/site-packages/airflow/models/baseoperator.py:394 RemovedInAirflow3Warning: none_failed_or_skipped Trigger Rule is deprecated. Please use `none_failed_min_one_success`.
[2025-10-07T00:10:55.547+0000] {logging_mixin.py:137} INFO - [2025-10-07T00:10:55.547+0000] {taskmixin.py:205} WARNING - Dependency <Task(PythonOperator): preprocess_data>, train_model already registered for DAG: pytorch_circle_classifier
[2025-10-07T00:10:55.547+0000] {logging_mixin.py:137} INFO - [2025-10-07T00:10:55.547+0000] {taskmixin.py:205} WARNING - Dependency <Task(PythonOperator): train_model>, preprocess_data already registered for DAG: pytorch_circle_classifier
[2025-10-07T00:10:55.550+0000] {processor.py:753} INFO - DAG(s) dict_keys(['pytorch_circle_classifier']) retrieved from /opt/airflow/dags/airflow.py
[2025-10-07T00:10:55.560+0000] {logging_mixin.py:137} INFO - [2025-10-07T00:10:55.560+0000] {dag.py:2690} INFO - Sync 1 DAGs
[2025-10-07T00:10:55.571+0000] {logging_mixin.py:137} INFO - [2025-10-07T00:10:55.571+0000] {dag.py:3441} INFO - Setting next_dagrun for pytorch_circle_classifier to 2025-10-07T00:00:00+00:00, run_after=2025-10-08T00:00:00+00:00
[2025-10-07T00:10:55.577+0000] {processor.py:175} INFO - Processing /opt/airflow/dags/airflow.py took 0.883 seconds
[2025-10-07T00:11:25.806+0000] {processor.py:153} INFO - Started process (PID=990) to work on /opt/airflow/dags/airflow.py
[2025-10-07T00:11:25.808+0000] {processor.py:743} INFO - Processing file /opt/airflow/dags/airflow.py for tasks to queue
[2025-10-07T00:11:25.808+0000] {logging_mixin.py:137} INFO - [2025-10-07T00:11:25.808+0000] {dagbag.py:538} INFO - Filling up the DagBag from /opt/airflow/dags/airflow.py
[2025-10-07T00:11:26.803+0000] {logging_mixin.py:137} WARNING - /home/airflow/.local/lib/python3.7/site-packages/airflow/models/baseoperator.py:394 RemovedInAirflow3Warning: none_failed_or_skipped Trigger Rule is deprecated. Please use `none_failed_min_one_success`.
[2025-10-07T00:11:26.803+0000] {logging_mixin.py:137} INFO - [2025-10-07T00:11:26.803+0000] {taskmixin.py:205} WARNING - Dependency <Task(PythonOperator): preprocess_data>, train_model already registered for DAG: pytorch_circle_classifier
[2025-10-07T00:11:26.803+0000] {logging_mixin.py:137} INFO - [2025-10-07T00:11:26.803+0000] {taskmixin.py:205} WARNING - Dependency <Task(PythonOperator): train_model>, preprocess_data already registered for DAG: pytorch_circle_classifier
[2025-10-07T00:11:26.806+0000] {processor.py:753} INFO - DAG(s) dict_keys(['pytorch_circle_classifier']) retrieved from /opt/airflow/dags/airflow.py
[2025-10-07T00:11:26.824+0000] {logging_mixin.py:137} INFO - [2025-10-07T00:11:26.824+0000] {dag.py:2690} INFO - Sync 1 DAGs
[2025-10-07T00:11:26.836+0000] {logging_mixin.py:137} INFO - [2025-10-07T00:11:26.836+0000] {dag.py:3441} INFO - Setting next_dagrun for pytorch_circle_classifier to 2025-10-07T00:00:00+00:00, run_after=2025-10-08T00:00:00+00:00
[2025-10-07T00:11:26.844+0000] {processor.py:175} INFO - Processing /opt/airflow/dags/airflow.py took 1.044 seconds
[2025-10-07T00:11:57.230+0000] {processor.py:153} INFO - Started process (PID=1040) to work on /opt/airflow/dags/airflow.py
[2025-10-07T00:11:57.232+0000] {processor.py:743} INFO - Processing file /opt/airflow/dags/airflow.py for tasks to queue
[2025-10-07T00:11:57.233+0000] {logging_mixin.py:137} INFO - [2025-10-07T00:11:57.233+0000] {dagbag.py:538} INFO - Filling up the DagBag from /opt/airflow/dags/airflow.py
[2025-10-07T00:11:58.224+0000] {logging_mixin.py:137} WARNING - /home/airflow/.local/lib/python3.7/site-packages/airflow/models/baseoperator.py:394 RemovedInAirflow3Warning: none_failed_or_skipped Trigger Rule is deprecated. Please use `none_failed_min_one_success`.
[2025-10-07T00:11:58.225+0000] {logging_mixin.py:137} INFO - [2025-10-07T00:11:58.225+0000] {taskmixin.py:205} WARNING - Dependency <Task(PythonOperator): preprocess_data>, train_model already registered for DAG: pytorch_circle_classifier
[2025-10-07T00:11:58.225+0000] {logging_mixin.py:137} INFO - [2025-10-07T00:11:58.225+0000] {taskmixin.py:205} WARNING - Dependency <Task(PythonOperator): train_model>, preprocess_data already registered for DAG: pytorch_circle_classifier
[2025-10-07T00:11:58.228+0000] {processor.py:753} INFO - DAG(s) dict_keys(['pytorch_circle_classifier']) retrieved from /opt/airflow/dags/airflow.py
[2025-10-07T00:11:58.243+0000] {logging_mixin.py:137} INFO - [2025-10-07T00:11:58.243+0000] {dag.py:2690} INFO - Sync 1 DAGs
[2025-10-07T00:11:58.256+0000] {logging_mixin.py:137} INFO - [2025-10-07T00:11:58.256+0000] {dag.py:3441} INFO - Setting next_dagrun for pytorch_circle_classifier to 2025-10-07T00:00:00+00:00, run_after=2025-10-08T00:00:00+00:00
[2025-10-07T00:11:58.265+0000] {processor.py:175} INFO - Processing /opt/airflow/dags/airflow.py took 1.042 seconds
[2025-10-07T00:12:28.649+0000] {processor.py:153} INFO - Started process (PID=1090) to work on /opt/airflow/dags/airflow.py
[2025-10-07T00:12:28.650+0000] {processor.py:743} INFO - Processing file /opt/airflow/dags/airflow.py for tasks to queue
[2025-10-07T00:12:28.651+0000] {logging_mixin.py:137} INFO - [2025-10-07T00:12:28.651+0000] {dagbag.py:538} INFO - Filling up the DagBag from /opt/airflow/dags/airflow.py
[2025-10-07T00:12:30.051+0000] {logging_mixin.py:137} WARNING - /home/airflow/.local/lib/python3.7/site-packages/airflow/models/baseoperator.py:394 RemovedInAirflow3Warning: none_failed_or_skipped Trigger Rule is deprecated. Please use `none_failed_min_one_success`.
[2025-10-07T00:12:30.052+0000] {logging_mixin.py:137} INFO - [2025-10-07T00:12:30.052+0000] {taskmixin.py:205} WARNING - Dependency <Task(PythonOperator): preprocess_data>, train_model already registered for DAG: pytorch_circle_classifier
[2025-10-07T00:12:30.052+0000] {logging_mixin.py:137} INFO - [2025-10-07T00:12:30.052+0000] {taskmixin.py:205} WARNING - Dependency <Task(PythonOperator): train_model>, preprocess_data already registered for DAG: pytorch_circle_classifier
[2025-10-07T00:12:30.056+0000] {processor.py:753} INFO - DAG(s) dict_keys(['pytorch_circle_classifier']) retrieved from /opt/airflow/dags/airflow.py
[2025-10-07T00:12:30.091+0000] {logging_mixin.py:137} INFO - [2025-10-07T00:12:30.091+0000] {dag.py:2690} INFO - Sync 1 DAGs
[2025-10-07T00:12:30.122+0000] {logging_mixin.py:137} INFO - [2025-10-07T00:12:30.122+0000] {dag.py:3441} INFO - Setting next_dagrun for pytorch_circle_classifier to 2025-10-07T00:00:00+00:00, run_after=2025-10-08T00:00:00+00:00
[2025-10-07T00:12:30.140+0000] {processor.py:175} INFO - Processing /opt/airflow/dags/airflow.py took 1.499 seconds
[2025-10-07T00:13:00.625+0000] {processor.py:153} INFO - Started process (PID=1124) to work on /opt/airflow/dags/airflow.py
[2025-10-07T00:13:00.626+0000] {processor.py:743} INFO - Processing file /opt/airflow/dags/airflow.py for tasks to queue
[2025-10-07T00:13:00.627+0000] {logging_mixin.py:137} INFO - [2025-10-07T00:13:00.627+0000] {dagbag.py:538} INFO - Filling up the DagBag from /opt/airflow/dags/airflow.py
[2025-10-07T00:13:01.754+0000] {logging_mixin.py:137} WARNING - /home/airflow/.local/lib/python3.7/site-packages/airflow/models/baseoperator.py:394 RemovedInAirflow3Warning: none_failed_or_skipped Trigger Rule is deprecated. Please use `none_failed_min_one_success`.
[2025-10-07T00:13:01.754+0000] {logging_mixin.py:137} INFO - [2025-10-07T00:13:01.754+0000] {taskmixin.py:205} WARNING - Dependency <Task(PythonOperator): preprocess_data>, train_model already registered for DAG: pytorch_circle_classifier
[2025-10-07T00:13:01.755+0000] {logging_mixin.py:137} INFO - [2025-10-07T00:13:01.755+0000] {taskmixin.py:205} WARNING - Dependency <Task(PythonOperator): train_model>, preprocess_data already registered for DAG: pytorch_circle_classifier
[2025-10-07T00:13:01.759+0000] {processor.py:753} INFO - DAG(s) dict_keys(['pytorch_circle_classifier']) retrieved from /opt/airflow/dags/airflow.py
[2025-10-07T00:13:01.783+0000] {logging_mixin.py:137} INFO - [2025-10-07T00:13:01.781+0000] {dag.py:2690} INFO - Sync 1 DAGs
[2025-10-07T00:13:01.801+0000] {logging_mixin.py:137} INFO - [2025-10-07T00:13:01.801+0000] {dag.py:3441} INFO - Setting next_dagrun for pytorch_circle_classifier to 2025-10-07T00:00:00+00:00, run_after=2025-10-08T00:00:00+00:00
[2025-10-07T00:13:01.811+0000] {processor.py:175} INFO - Processing /opt/airflow/dags/airflow.py took 1.194 seconds
[2025-10-07T00:13:32.052+0000] {processor.py:153} INFO - Started process (PID=1174) to work on /opt/airflow/dags/airflow.py
[2025-10-07T00:13:32.055+0000] {processor.py:743} INFO - Processing file /opt/airflow/dags/airflow.py for tasks to queue
[2025-10-07T00:13:32.056+0000] {logging_mixin.py:137} INFO - [2025-10-07T00:13:32.056+0000] {dagbag.py:538} INFO - Filling up the DagBag from /opt/airflow/dags/airflow.py
[2025-10-07T00:13:33.105+0000] {logging_mixin.py:137} WARNING - /home/airflow/.local/lib/python3.7/site-packages/airflow/models/baseoperator.py:394 RemovedInAirflow3Warning: none_failed_or_skipped Trigger Rule is deprecated. Please use `none_failed_min_one_success`.
[2025-10-07T00:13:33.111+0000] {logging_mixin.py:137} INFO - [2025-10-07T00:13:33.110+0000] {taskmixin.py:205} WARNING - Dependency <Task(PythonOperator): preprocess_data>, train_model already registered for DAG: pytorch_circle_classifier
[2025-10-07T00:13:33.113+0000] {logging_mixin.py:137} INFO - [2025-10-07T00:13:33.113+0000] {taskmixin.py:205} WARNING - Dependency <Task(PythonOperator): train_model>, preprocess_data already registered for DAG: pytorch_circle_classifier
[2025-10-07T00:13:33.124+0000] {processor.py:753} INFO - DAG(s) dict_keys(['pytorch_circle_classifier']) retrieved from /opt/airflow/dags/airflow.py
[2025-10-07T00:13:33.252+0000] {logging_mixin.py:137} INFO - [2025-10-07T00:13:33.249+0000] {dag.py:2690} INFO - Sync 1 DAGs
[2025-10-07T00:13:33.356+0000] {logging_mixin.py:137} INFO - [2025-10-07T00:13:33.356+0000] {dag.py:3441} INFO - Setting next_dagrun for pytorch_circle_classifier to 2025-10-07T00:00:00+00:00, run_after=2025-10-08T00:00:00+00:00
[2025-10-07T00:13:33.412+0000] {processor.py:175} INFO - Processing /opt/airflow/dags/airflow.py took 1.366 seconds
[2025-10-07T00:14:03.903+0000] {processor.py:153} INFO - Started process (PID=1224) to work on /opt/airflow/dags/airflow.py
[2025-10-07T00:14:03.911+0000] {processor.py:743} INFO - Processing file /opt/airflow/dags/airflow.py for tasks to queue
[2025-10-07T00:14:03.914+0000] {logging_mixin.py:137} INFO - [2025-10-07T00:14:03.913+0000] {dagbag.py:538} INFO - Filling up the DagBag from /opt/airflow/dags/airflow.py
[2025-10-07T00:14:05.299+0000] {logging_mixin.py:137} WARNING - /home/airflow/.local/lib/python3.7/site-packages/airflow/models/baseoperator.py:394 RemovedInAirflow3Warning: none_failed_or_skipped Trigger Rule is deprecated. Please use `none_failed_min_one_success`.
[2025-10-07T00:14:05.299+0000] {logging_mixin.py:137} INFO - [2025-10-07T00:14:05.299+0000] {taskmixin.py:205} WARNING - Dependency <Task(PythonOperator): preprocess_data>, train_model already registered for DAG: pytorch_circle_classifier
[2025-10-07T00:14:05.300+0000] {logging_mixin.py:137} INFO - [2025-10-07T00:14:05.300+0000] {taskmixin.py:205} WARNING - Dependency <Task(PythonOperator): train_model>, preprocess_data already registered for DAG: pytorch_circle_classifier
[2025-10-07T00:14:05.305+0000] {processor.py:753} INFO - DAG(s) dict_keys(['pytorch_circle_classifier']) retrieved from /opt/airflow/dags/airflow.py
[2025-10-07T00:14:05.323+0000] {logging_mixin.py:137} INFO - [2025-10-07T00:14:05.323+0000] {dag.py:2690} INFO - Sync 1 DAGs
[2025-10-07T00:14:05.335+0000] {logging_mixin.py:137} INFO - [2025-10-07T00:14:05.335+0000] {dag.py:3441} INFO - Setting next_dagrun for pytorch_circle_classifier to 2025-10-07T00:00:00+00:00, run_after=2025-10-08T00:00:00+00:00
[2025-10-07T00:14:05.346+0000] {processor.py:175} INFO - Processing /opt/airflow/dags/airflow.py took 1.461 seconds
[2025-10-07T00:14:35.754+0000] {processor.py:153} INFO - Started process (PID=1274) to work on /opt/airflow/dags/airflow.py
[2025-10-07T00:14:35.762+0000] {processor.py:743} INFO - Processing file /opt/airflow/dags/airflow.py for tasks to queue
[2025-10-07T00:14:35.765+0000] {logging_mixin.py:137} INFO - [2025-10-07T00:14:35.765+0000] {dagbag.py:538} INFO - Filling up the DagBag from /opt/airflow/dags/airflow.py
[2025-10-07T00:14:37.002+0000] {logging_mixin.py:137} WARNING - /home/airflow/.local/lib/python3.7/site-packages/airflow/models/baseoperator.py:394 RemovedInAirflow3Warning: none_failed_or_skipped Trigger Rule is deprecated. Please use `none_failed_min_one_success`.
[2025-10-07T00:14:37.002+0000] {logging_mixin.py:137} INFO - [2025-10-07T00:14:37.002+0000] {taskmixin.py:205} WARNING - Dependency <Task(PythonOperator): preprocess_data>, train_model already registered for DAG: pytorch_circle_classifier
[2025-10-07T00:14:37.002+0000] {logging_mixin.py:137} INFO - [2025-10-07T00:14:37.002+0000] {taskmixin.py:205} WARNING - Dependency <Task(PythonOperator): train_model>, preprocess_data already registered for DAG: pytorch_circle_classifier
[2025-10-07T00:14:37.006+0000] {processor.py:753} INFO - DAG(s) dict_keys(['pytorch_circle_classifier']) retrieved from /opt/airflow/dags/airflow.py
[2025-10-07T00:14:37.019+0000] {logging_mixin.py:137} INFO - [2025-10-07T00:14:37.019+0000] {dag.py:2690} INFO - Sync 1 DAGs
[2025-10-07T00:14:37.032+0000] {logging_mixin.py:137} INFO - [2025-10-07T00:14:37.032+0000] {dag.py:3441} INFO - Setting next_dagrun for pytorch_circle_classifier to 2025-10-07T00:00:00+00:00, run_after=2025-10-08T00:00:00+00:00
[2025-10-07T00:14:37.042+0000] {processor.py:175} INFO - Processing /opt/airflow/dags/airflow.py took 1.307 seconds
[2025-10-07T00:15:07.319+0000] {processor.py:153} INFO - Started process (PID=1308) to work on /opt/airflow/dags/airflow.py
[2025-10-07T00:15:07.320+0000] {processor.py:743} INFO - Processing file /opt/airflow/dags/airflow.py for tasks to queue
[2025-10-07T00:15:07.321+0000] {logging_mixin.py:137} INFO - [2025-10-07T00:15:07.321+0000] {dagbag.py:538} INFO - Filling up the DagBag from /opt/airflow/dags/airflow.py
[2025-10-07T00:15:08.466+0000] {logging_mixin.py:137} WARNING - /home/airflow/.local/lib/python3.7/site-packages/airflow/models/baseoperator.py:394 RemovedInAirflow3Warning: none_failed_or_skipped Trigger Rule is deprecated. Please use `none_failed_min_one_success`.
[2025-10-07T00:15:08.467+0000] {logging_mixin.py:137} INFO - [2025-10-07T00:15:08.467+0000] {taskmixin.py:205} WARNING - Dependency <Task(PythonOperator): preprocess_data>, train_model already registered for DAG: pytorch_circle_classifier
[2025-10-07T00:15:08.467+0000] {logging_mixin.py:137} INFO - [2025-10-07T00:15:08.467+0000] {taskmixin.py:205} WARNING - Dependency <Task(PythonOperator): train_model>, preprocess_data already registered for DAG: pytorch_circle_classifier
[2025-10-07T00:15:08.472+0000] {processor.py:753} INFO - DAG(s) dict_keys(['pytorch_circle_classifier']) retrieved from /opt/airflow/dags/airflow.py
[2025-10-07T00:15:08.500+0000] {logging_mixin.py:137} INFO - [2025-10-07T00:15:08.500+0000] {dag.py:2690} INFO - Sync 1 DAGs
[2025-10-07T00:15:08.515+0000] {logging_mixin.py:137} INFO - [2025-10-07T00:15:08.514+0000] {dag.py:3441} INFO - Setting next_dagrun for pytorch_circle_classifier to 2025-10-07T00:00:00+00:00, run_after=2025-10-08T00:00:00+00:00
[2025-10-07T00:15:08.526+0000] {processor.py:175} INFO - Processing /opt/airflow/dags/airflow.py took 1.210 seconds
[2025-10-07T00:15:38.706+0000] {processor.py:153} INFO - Started process (PID=1358) to work on /opt/airflow/dags/airflow.py
[2025-10-07T00:15:38.707+0000] {processor.py:743} INFO - Processing file /opt/airflow/dags/airflow.py for tasks to queue
[2025-10-07T00:15:38.707+0000] {logging_mixin.py:137} INFO - [2025-10-07T00:15:38.707+0000] {dagbag.py:538} INFO - Filling up the DagBag from /opt/airflow/dags/airflow.py
[2025-10-07T00:15:39.659+0000] {logging_mixin.py:137} WARNING - /home/airflow/.local/lib/python3.7/site-packages/airflow/models/baseoperator.py:394 RemovedInAirflow3Warning: none_failed_or_skipped Trigger Rule is deprecated. Please use `none_failed_min_one_success`.
[2025-10-07T00:15:39.659+0000] {logging_mixin.py:137} INFO - [2025-10-07T00:15:39.659+0000] {taskmixin.py:205} WARNING - Dependency <Task(PythonOperator): preprocess_data>, train_model already registered for DAG: pytorch_circle_classifier
[2025-10-07T00:15:39.660+0000] {logging_mixin.py:137} INFO - [2025-10-07T00:15:39.660+0000] {taskmixin.py:205} WARNING - Dependency <Task(PythonOperator): train_model>, preprocess_data already registered for DAG: pytorch_circle_classifier
[2025-10-07T00:15:39.663+0000] {processor.py:753} INFO - DAG(s) dict_keys(['pytorch_circle_classifier']) retrieved from /opt/airflow/dags/airflow.py
[2025-10-07T00:15:39.687+0000] {logging_mixin.py:137} INFO - [2025-10-07T00:15:39.686+0000] {dag.py:2690} INFO - Sync 1 DAGs
[2025-10-07T00:15:39.706+0000] {logging_mixin.py:137} INFO - [2025-10-07T00:15:39.706+0000] {dag.py:3441} INFO - Setting next_dagrun for pytorch_circle_classifier to 2025-10-07T00:00:00+00:00, run_after=2025-10-08T00:00:00+00:00
[2025-10-07T00:15:39.715+0000] {processor.py:175} INFO - Processing /opt/airflow/dags/airflow.py took 1.020 seconds
[2025-10-07T00:16:10.107+0000] {processor.py:153} INFO - Started process (PID=1408) to work on /opt/airflow/dags/airflow.py
[2025-10-07T00:16:10.110+0000] {processor.py:743} INFO - Processing file /opt/airflow/dags/airflow.py for tasks to queue
[2025-10-07T00:16:10.112+0000] {logging_mixin.py:137} INFO - [2025-10-07T00:16:10.111+0000] {dagbag.py:538} INFO - Filling up the DagBag from /opt/airflow/dags/airflow.py
[2025-10-07T00:16:11.110+0000] {logging_mixin.py:137} WARNING - /home/airflow/.local/lib/python3.7/site-packages/airflow/models/baseoperator.py:394 RemovedInAirflow3Warning: none_failed_or_skipped Trigger Rule is deprecated. Please use `none_failed_min_one_success`.
[2025-10-07T00:16:11.111+0000] {logging_mixin.py:137} INFO - [2025-10-07T00:16:11.111+0000] {taskmixin.py:205} WARNING - Dependency <Task(PythonOperator): preprocess_data>, train_model already registered for DAG: pytorch_circle_classifier
[2025-10-07T00:16:11.111+0000] {logging_mixin.py:137} INFO - [2025-10-07T00:16:11.111+0000] {taskmixin.py:205} WARNING - Dependency <Task(PythonOperator): train_model>, preprocess_data already registered for DAG: pytorch_circle_classifier
[2025-10-07T00:16:11.116+0000] {processor.py:753} INFO - DAG(s) dict_keys(['pytorch_circle_classifier']) retrieved from /opt/airflow/dags/airflow.py
[2025-10-07T00:16:11.135+0000] {logging_mixin.py:137} INFO - [2025-10-07T00:16:11.134+0000] {dag.py:2690} INFO - Sync 1 DAGs
[2025-10-07T00:16:11.148+0000] {logging_mixin.py:137} INFO - [2025-10-07T00:16:11.148+0000] {dag.py:3441} INFO - Setting next_dagrun for pytorch_circle_classifier to 2025-10-07T00:00:00+00:00, run_after=2025-10-08T00:00:00+00:00
[2025-10-07T00:16:11.157+0000] {processor.py:175} INFO - Processing /opt/airflow/dags/airflow.py took 1.056 seconds
[2025-10-07T00:16:41.571+0000] {processor.py:153} INFO - Started process (PID=1444) to work on /opt/airflow/dags/airflow.py
[2025-10-07T00:16:41.575+0000] {processor.py:743} INFO - Processing file /opt/airflow/dags/airflow.py for tasks to queue
[2025-10-07T00:16:41.576+0000] {logging_mixin.py:137} INFO - [2025-10-07T00:16:41.576+0000] {dagbag.py:538} INFO - Filling up the DagBag from /opt/airflow/dags/airflow.py
[2025-10-07T00:16:43.672+0000] {logging_mixin.py:137} WARNING - /home/airflow/.local/lib/python3.7/site-packages/airflow/models/baseoperator.py:394 RemovedInAirflow3Warning: none_failed_or_skipped Trigger Rule is deprecated. Please use `none_failed_min_one_success`.
[2025-10-07T00:16:43.673+0000] {logging_mixin.py:137} INFO - [2025-10-07T00:16:43.673+0000] {taskmixin.py:205} WARNING - Dependency <Task(PythonOperator): preprocess_data>, train_model already registered for DAG: pytorch_circle_classifier
[2025-10-07T00:16:43.674+0000] {logging_mixin.py:137} INFO - [2025-10-07T00:16:43.673+0000] {taskmixin.py:205} WARNING - Dependency <Task(PythonOperator): train_model>, preprocess_data already registered for DAG: pytorch_circle_classifier
[2025-10-07T00:16:43.680+0000] {processor.py:753} INFO - DAG(s) dict_keys(['pytorch_circle_classifier']) retrieved from /opt/airflow/dags/airflow.py
[2025-10-07T00:16:43.742+0000] {logging_mixin.py:137} INFO - [2025-10-07T00:16:43.741+0000] {dag.py:2690} INFO - Sync 1 DAGs
[2025-10-07T00:16:43.772+0000] {logging_mixin.py:137} INFO - [2025-10-07T00:16:43.772+0000] {dag.py:3441} INFO - Setting next_dagrun for pytorch_circle_classifier to 2025-10-07T00:00:00+00:00, run_after=2025-10-08T00:00:00+00:00
[2025-10-07T00:16:43.808+0000] {processor.py:175} INFO - Processing /opt/airflow/dags/airflow.py took 2.246 seconds
[2025-10-07T00:17:14.013+0000] {processor.py:153} INFO - Started process (PID=1491) to work on /opt/airflow/dags/airflow.py
[2025-10-07T00:17:14.016+0000] {processor.py:743} INFO - Processing file /opt/airflow/dags/airflow.py for tasks to queue
[2025-10-07T00:17:14.017+0000] {logging_mixin.py:137} INFO - [2025-10-07T00:17:14.017+0000] {dagbag.py:538} INFO - Filling up the DagBag from /opt/airflow/dags/airflow.py
[2025-10-07T00:17:15.027+0000] {logging_mixin.py:137} WARNING - /home/airflow/.local/lib/python3.7/site-packages/airflow/models/baseoperator.py:394 RemovedInAirflow3Warning: none_failed_or_skipped Trigger Rule is deprecated. Please use `none_failed_min_one_success`.
[2025-10-07T00:17:15.028+0000] {logging_mixin.py:137} INFO - [2025-10-07T00:17:15.028+0000] {taskmixin.py:205} WARNING - Dependency <Task(PythonOperator): preprocess_data>, train_model already registered for DAG: pytorch_circle_classifier
[2025-10-07T00:17:15.028+0000] {logging_mixin.py:137} INFO - [2025-10-07T00:17:15.028+0000] {taskmixin.py:205} WARNING - Dependency <Task(PythonOperator): train_model>, preprocess_data already registered for DAG: pytorch_circle_classifier
[2025-10-07T00:17:15.032+0000] {processor.py:753} INFO - DAG(s) dict_keys(['pytorch_circle_classifier']) retrieved from /opt/airflow/dags/airflow.py
[2025-10-07T00:17:15.054+0000] {logging_mixin.py:137} INFO - [2025-10-07T00:17:15.054+0000] {dag.py:2690} INFO - Sync 1 DAGs
[2025-10-07T00:17:15.067+0000] {logging_mixin.py:137} INFO - [2025-10-07T00:17:15.067+0000] {dag.py:3441} INFO - Setting next_dagrun for pytorch_circle_classifier to 2025-10-07T00:00:00+00:00, run_after=2025-10-08T00:00:00+00:00
[2025-10-07T00:17:15.075+0000] {processor.py:175} INFO - Processing /opt/airflow/dags/airflow.py took 1.069 seconds
[2025-10-07T00:17:45.432+0000] {processor.py:153} INFO - Started process (PID=1541) to work on /opt/airflow/dags/airflow.py
[2025-10-07T00:17:45.435+0000] {processor.py:743} INFO - Processing file /opt/airflow/dags/airflow.py for tasks to queue
[2025-10-07T00:17:45.436+0000] {logging_mixin.py:137} INFO - [2025-10-07T00:17:45.436+0000] {dagbag.py:538} INFO - Filling up the DagBag from /opt/airflow/dags/airflow.py
[2025-10-07T00:17:46.446+0000] {logging_mixin.py:137} WARNING - /home/airflow/.local/lib/python3.7/site-packages/airflow/models/baseoperator.py:394 RemovedInAirflow3Warning: none_failed_or_skipped Trigger Rule is deprecated. Please use `none_failed_min_one_success`.
[2025-10-07T00:17:46.447+0000] {logging_mixin.py:137} INFO - [2025-10-07T00:17:46.447+0000] {taskmixin.py:205} WARNING - Dependency <Task(PythonOperator): preprocess_data>, train_model already registered for DAG: pytorch_circle_classifier
[2025-10-07T00:17:46.447+0000] {logging_mixin.py:137} INFO - [2025-10-07T00:17:46.447+0000] {taskmixin.py:205} WARNING - Dependency <Task(PythonOperator): train_model>, preprocess_data already registered for DAG: pytorch_circle_classifier
[2025-10-07T00:17:46.451+0000] {processor.py:753} INFO - DAG(s) dict_keys(['pytorch_circle_classifier']) retrieved from /opt/airflow/dags/airflow.py
[2025-10-07T00:17:46.464+0000] {logging_mixin.py:137} INFO - [2025-10-07T00:17:46.464+0000] {dag.py:2690} INFO - Sync 1 DAGs
[2025-10-07T00:17:46.477+0000] {logging_mixin.py:137} INFO - [2025-10-07T00:17:46.477+0000] {dag.py:3441} INFO - Setting next_dagrun for pytorch_circle_classifier to 2025-10-07T00:00:00+00:00, run_after=2025-10-08T00:00:00+00:00
[2025-10-07T00:17:46.487+0000] {processor.py:175} INFO - Processing /opt/airflow/dags/airflow.py took 1.061 seconds
