[2025-10-07T00:00:36.498+0000] {taskinstance.py:1083} INFO - Dependencies all met for <TaskInstance: pytorch_circle_classifier.train_model scheduled__2025-10-06T00:00:00+00:00 [queued]>
[2025-10-07T00:00:36.508+0000] {taskinstance.py:1083} INFO - Dependencies all met for <TaskInstance: pytorch_circle_classifier.train_model scheduled__2025-10-06T00:00:00+00:00 [queued]>
[2025-10-07T00:00:36.508+0000] {taskinstance.py:1279} INFO - 
--------------------------------------------------------------------------------
[2025-10-07T00:00:36.508+0000] {taskinstance.py:1280} INFO - Starting attempt 1 of 2
[2025-10-07T00:00:36.509+0000] {taskinstance.py:1281} INFO - 
--------------------------------------------------------------------------------
[2025-10-07T00:00:36.521+0000] {taskinstance.py:1300} INFO - Executing <Task(PythonOperator): train_model> on 2025-10-06 00:00:00+00:00
[2025-10-07T00:00:36.534+0000] {standard_task_runner.py:55} INFO - Started process 79 to run task
[2025-10-07T00:00:36.538+0000] {standard_task_runner.py:82} INFO - Running: ['***', 'tasks', 'run', 'pytorch_circle_classifier', 'train_model', 'scheduled__2025-10-06T00:00:00+00:00', '--job-id', '19', '--raw', '--subdir', 'DAGS_FOLDER/***.py', '--cfg-path', '/tmp/tmp1yloyz8y']
[2025-10-07T00:00:36.542+0000] {standard_task_runner.py:83} INFO - Job 19: Subtask train_model
[2025-10-07T00:00:36.586+0000] {task_command.py:388} INFO - Running <TaskInstance: pytorch_circle_classifier.train_model scheduled__2025-10-06T00:00:00+00:00 [running]> on host 1c9de8940ef2
[2025-10-07T00:00:36.955+0000] {taskinstance.py:1509} INFO - Exporting the following env vars:
AIRFLOW_CTX_DAG_OWNER=Aditya Ratan
AIRFLOW_CTX_DAG_ID=pytorch_circle_classifier
AIRFLOW_CTX_TASK_ID=train_model
AIRFLOW_CTX_EXECUTION_DATE=2025-10-06T00:00:00+00:00
AIRFLOW_CTX_TRY_NUMBER=1
AIRFLOW_CTX_DAG_RUN_ID=scheduled__2025-10-06T00:00:00+00:00
[2025-10-07T00:00:36.956+0000] {logging_mixin.py:137} INFO - Training neural network...
[2025-10-07T00:00:37.061+0000] {logging_mixin.py:137} INFO - Epoch [100/1000], Loss: 0.6055
[2025-10-07T00:00:37.113+0000] {logging_mixin.py:137} INFO - Epoch [200/1000], Loss: 0.3454
[2025-10-07T00:00:37.144+0000] {logging_mixin.py:137} INFO - Epoch [300/1000], Loss: 0.1495
[2025-10-07T00:00:37.175+0000] {logging_mixin.py:137} INFO - Epoch [400/1000], Loss: 0.0802
[2025-10-07T00:00:37.204+0000] {logging_mixin.py:137} INFO - Epoch [500/1000], Loss: 0.0509
[2025-10-07T00:00:37.233+0000] {logging_mixin.py:137} INFO - Epoch [600/1000], Loss: 0.0355
[2025-10-07T00:00:37.262+0000] {logging_mixin.py:137} INFO - Epoch [700/1000], Loss: 0.0262
[2025-10-07T00:00:37.298+0000] {logging_mixin.py:137} INFO - Epoch [800/1000], Loss: 0.0200
[2025-10-07T00:00:37.334+0000] {logging_mixin.py:137} INFO - Epoch [900/1000], Loss: 0.0159
[2025-10-07T00:00:37.364+0000] {logging_mixin.py:137} INFO - Epoch [1000/1000], Loss: 0.0130
[2025-10-07T00:00:37.364+0000] {logging_mixin.py:137} INFO - Training finished.
[2025-10-07T00:00:37.365+0000] {logging_mixin.py:137} INFO - Test Accuracy: 1.0000
[2025-10-07T00:00:37.366+0000] {logging_mixin.py:137} INFO - Model saved to ./models/circle_classifier.pth
[2025-10-07T00:00:37.383+0000] {python.py:177} INFO - Done. Returned value was: ./models/circle_classifier.pth
[2025-10-07T00:00:37.393+0000] {taskinstance.py:1323} INFO - Marking task as SUCCESS. dag_id=pytorch_circle_classifier, task_id=train_model, execution_date=20251006T000000, start_date=20251007T000036, end_date=20251007T000037
[2025-10-07T00:00:37.420+0000] {local_task_job.py:208} INFO - Task exited with return code 0
[2025-10-07T00:00:37.457+0000] {taskinstance.py:2578} INFO - 1 downstream tasks scheduled from follow-on schedule check
