[2025-10-06T23:57:16.421+0000] {taskinstance.py:1083} INFO - Dependencies all met for <TaskInstance: pytorch_circle_classifier.train_model manual__2025-10-06T23:57:08.707700+00:00 [queued]>
[2025-10-06T23:57:16.426+0000] {taskinstance.py:1083} INFO - Dependencies all met for <TaskInstance: pytorch_circle_classifier.train_model manual__2025-10-06T23:57:08.707700+00:00 [queued]>
[2025-10-06T23:57:16.426+0000] {taskinstance.py:1279} INFO - 
--------------------------------------------------------------------------------
[2025-10-06T23:57:16.426+0000] {taskinstance.py:1280} INFO - Starting attempt 1 of 2
[2025-10-06T23:57:16.426+0000] {taskinstance.py:1281} INFO - 
--------------------------------------------------------------------------------
[2025-10-06T23:57:16.432+0000] {taskinstance.py:1300} INFO - Executing <Task(PythonOperator): train_model> on 2025-10-06 23:57:08.707700+00:00
[2025-10-06T23:57:16.442+0000] {standard_task_runner.py:55} INFO - Started process 477 to run task
[2025-10-06T23:57:16.445+0000] {standard_task_runner.py:82} INFO - Running: ['***', 'tasks', 'run', 'pytorch_circle_classifier', 'train_model', 'manual__2025-10-06T23:57:08.707700+00:00', '--job-id', '13', '--raw', '--subdir', 'DAGS_FOLDER/***.py', '--cfg-path', '/tmp/tmp8fte33gm']
[2025-10-06T23:57:16.447+0000] {standard_task_runner.py:83} INFO - Job 13: Subtask train_model
[2025-10-06T23:57:16.478+0000] {task_command.py:388} INFO - Running <TaskInstance: pytorch_circle_classifier.train_model manual__2025-10-06T23:57:08.707700+00:00 [running]> on host ea010b5ab1b3
[2025-10-06T23:57:16.674+0000] {taskinstance.py:1509} INFO - Exporting the following env vars:
AIRFLOW_CTX_DAG_OWNER=Aditya Ratan
AIRFLOW_CTX_DAG_ID=pytorch_circle_classifier
AIRFLOW_CTX_TASK_ID=train_model
AIRFLOW_CTX_EXECUTION_DATE=2025-10-06T23:57:08.707700+00:00
AIRFLOW_CTX_TRY_NUMBER=1
AIRFLOW_CTX_DAG_RUN_ID=manual__2025-10-06T23:57:08.707700+00:00
[2025-10-06T23:57:16.675+0000] {logging_mixin.py:137} INFO - Training neural network...
[2025-10-06T23:57:16.754+0000] {logging_mixin.py:137} INFO - Epoch [100/1000], Loss: 0.5057
[2025-10-06T23:57:16.782+0000] {logging_mixin.py:137} INFO - Epoch [200/1000], Loss: 0.2164
[2025-10-06T23:57:16.807+0000] {logging_mixin.py:137} INFO - Epoch [300/1000], Loss: 0.0906
[2025-10-06T23:57:16.833+0000] {logging_mixin.py:137} INFO - Epoch [400/1000], Loss: 0.0478
[2025-10-06T23:57:16.859+0000] {logging_mixin.py:137} INFO - Epoch [500/1000], Loss: 0.0302
[2025-10-06T23:57:16.882+0000] {logging_mixin.py:137} INFO - Epoch [600/1000], Loss: 0.0211
[2025-10-06T23:57:16.906+0000] {logging_mixin.py:137} INFO - Epoch [700/1000], Loss: 0.0158
[2025-10-06T23:57:16.930+0000] {logging_mixin.py:137} INFO - Epoch [800/1000], Loss: 0.0124
[2025-10-06T23:57:16.954+0000] {logging_mixin.py:137} INFO - Epoch [900/1000], Loss: 0.0100
[2025-10-06T23:57:16.977+0000] {logging_mixin.py:137} INFO - Epoch [1000/1000], Loss: 0.0083
[2025-10-06T23:57:16.978+0000] {logging_mixin.py:137} INFO - Training finished.
[2025-10-06T23:57:16.978+0000] {logging_mixin.py:137} INFO - Test Accuracy: 1.0000
[2025-10-06T23:57:16.979+0000] {logging_mixin.py:137} INFO - Model saved to ./models/circle_classifier.pth
[2025-10-06T23:57:16.985+0000] {python.py:177} INFO - Done. Returned value was: ./models/circle_classifier.pth
[2025-10-06T23:57:16.996+0000] {taskinstance.py:1323} INFO - Marking task as SUCCESS. dag_id=pytorch_circle_classifier, task_id=train_model, execution_date=20251006T235708, start_date=20251006T235716, end_date=20251006T235716
[2025-10-06T23:57:17.009+0000] {local_task_job.py:208} INFO - Task exited with return code 0
[2025-10-06T23:57:17.024+0000] {taskinstance.py:2578} INFO - 1 downstream tasks scheduled from follow-on schedule check
