[2025-10-07T02:25:31.867+0000] {taskinstance.py:1083} INFO - Dependencies all met for <TaskInstance: pytorch_circle_classifier.train_model manual__2025-10-07T02:25:19.085669+00:00 [queued]>
[2025-10-07T02:25:31.871+0000] {taskinstance.py:1083} INFO - Dependencies all met for <TaskInstance: pytorch_circle_classifier.train_model manual__2025-10-07T02:25:19.085669+00:00 [queued]>
[2025-10-07T02:25:31.871+0000] {taskinstance.py:1279} INFO - 
--------------------------------------------------------------------------------
[2025-10-07T02:25:31.871+0000] {taskinstance.py:1280} INFO - Starting attempt 1 of 2
[2025-10-07T02:25:31.873+0000] {taskinstance.py:1281} INFO - 
--------------------------------------------------------------------------------
[2025-10-07T02:25:31.881+0000] {taskinstance.py:1300} INFO - Executing <Task(PythonOperator): train_model> on 2025-10-07 02:25:19.085669+00:00
[2025-10-07T02:25:31.893+0000] {standard_task_runner.py:55} INFO - Started process 119 to run task
[2025-10-07T02:25:31.900+0000] {standard_task_runner.py:82} INFO - Running: ['***', 'tasks', 'run', 'pytorch_circle_classifier', 'train_model', 'manual__2025-10-07T02:25:19.085669+00:00', '--job-id', '8', '--raw', '--subdir', 'DAGS_FOLDER/***.py', '--cfg-path', '/tmp/tmps75npaap']
[2025-10-07T02:25:31.904+0000] {standard_task_runner.py:83} INFO - Job 8: Subtask train_model
[2025-10-07T02:25:31.948+0000] {task_command.py:388} INFO - Running <TaskInstance: pytorch_circle_classifier.train_model manual__2025-10-07T02:25:19.085669+00:00 [running]> on host 2db26b28ea99
[2025-10-07T02:25:32.265+0000] {taskinstance.py:1509} INFO - Exporting the following env vars:
AIRFLOW_CTX_DAG_OWNER=Aditya Ratan
AIRFLOW_CTX_DAG_ID=pytorch_circle_classifier
AIRFLOW_CTX_TASK_ID=train_model
AIRFLOW_CTX_EXECUTION_DATE=2025-10-07T02:25:19.085669+00:00
AIRFLOW_CTX_TRY_NUMBER=1
AIRFLOW_CTX_DAG_RUN_ID=manual__2025-10-07T02:25:19.085669+00:00
[2025-10-07T02:25:32.266+0000] {logging_mixin.py:137} INFO - Training neural network...
[2025-10-07T02:25:32.329+0000] {logging_mixin.py:137} INFO - Epoch [100/1000], Loss: 0.5753
[2025-10-07T02:25:32.354+0000] {logging_mixin.py:137} INFO - Epoch [200/1000], Loss: 0.3164
[2025-10-07T02:25:32.390+0000] {logging_mixin.py:137} INFO - Epoch [300/1000], Loss: 0.1301
[2025-10-07T02:25:32.415+0000] {logging_mixin.py:137} INFO - Epoch [400/1000], Loss: 0.0671
[2025-10-07T02:25:32.440+0000] {logging_mixin.py:137} INFO - Epoch [500/1000], Loss: 0.0413
[2025-10-07T02:25:32.487+0000] {logging_mixin.py:137} INFO - Epoch [600/1000], Loss: 0.0289
[2025-10-07T02:25:32.531+0000] {logging_mixin.py:137} INFO - Epoch [700/1000], Loss: 0.0217
[2025-10-07T02:25:32.567+0000] {logging_mixin.py:137} INFO - Epoch [800/1000], Loss: 0.0170
[2025-10-07T02:25:32.611+0000] {logging_mixin.py:137} INFO - Epoch [900/1000], Loss: 0.0137
[2025-10-07T02:25:32.661+0000] {logging_mixin.py:137} INFO - Epoch [1000/1000], Loss: 0.0113
[2025-10-07T02:25:32.661+0000] {logging_mixin.py:137} INFO - Training finished.
[2025-10-07T02:25:32.664+0000] {logging_mixin.py:137} INFO - Test Accuracy: 1.0000
[2025-10-07T02:25:32.666+0000] {logging_mixin.py:137} INFO - Model saved to ./models/circle_classifier.pth
[2025-10-07T02:25:32.681+0000] {python.py:177} INFO - Done. Returned value was: ./models/circle_classifier.pth
[2025-10-07T02:25:32.694+0000] {taskinstance.py:1323} INFO - Marking task as SUCCESS. dag_id=pytorch_circle_classifier, task_id=train_model, execution_date=20251007T022519, start_date=20251007T022531, end_date=20251007T022532
[2025-10-07T02:25:32.735+0000] {local_task_job.py:208} INFO - Task exited with return code 0
[2025-10-07T02:25:32.780+0000] {taskinstance.py:2578} INFO - 1 downstream tasks scheduled from follow-on schedule check
