[2025-10-06T23:45:42.352+0000] {taskinstance.py:1083} INFO - Dependencies all met for <TaskInstance: pytorch_circle_classifier.create_dataset scheduled__2025-10-05T00:00:00+00:00 [queued]>
[2025-10-06T23:45:42.363+0000] {taskinstance.py:1083} INFO - Dependencies all met for <TaskInstance: pytorch_circle_classifier.create_dataset scheduled__2025-10-05T00:00:00+00:00 [queued]>
[2025-10-06T23:45:42.363+0000] {taskinstance.py:1279} INFO - 
--------------------------------------------------------------------------------
[2025-10-06T23:45:42.363+0000] {taskinstance.py:1280} INFO - Starting attempt 1 of 2
[2025-10-06T23:45:42.363+0000] {taskinstance.py:1281} INFO - 
--------------------------------------------------------------------------------
[2025-10-06T23:45:42.369+0000] {taskinstance.py:1300} INFO - Executing <Task(PythonOperator): create_dataset> on 2025-10-05 00:00:00+00:00
[2025-10-06T23:45:42.380+0000] {standard_task_runner.py:55} INFO - Started process 105 to run task
[2025-10-06T23:45:42.383+0000] {standard_task_runner.py:82} INFO - Running: ['***', 'tasks', 'run', 'pytorch_circle_classifier', 'create_dataset', 'scheduled__2025-10-05T00:00:00+00:00', '--job-id', '5', '--raw', '--subdir', 'DAGS_FOLDER/***.py', '--cfg-path', '/tmp/tmpgg0mp3kl']
[2025-10-06T23:45:42.385+0000] {standard_task_runner.py:83} INFO - Job 5: Subtask create_dataset
[2025-10-06T23:45:42.442+0000] {task_command.py:388} INFO - Running <TaskInstance: pytorch_circle_classifier.create_dataset scheduled__2025-10-05T00:00:00+00:00 [running]> on host ea010b5ab1b3
[2025-10-06T23:45:42.849+0000] {taskinstance.py:1509} INFO - Exporting the following env vars:
AIRFLOW_CTX_DAG_OWNER=Aditya
AIRFLOW_CTX_DAG_ID=pytorch_circle_classifier
AIRFLOW_CTX_TASK_ID=create_dataset
AIRFLOW_CTX_EXECUTION_DATE=2025-10-05T00:00:00+00:00
AIRFLOW_CTX_TRY_NUMBER=1
AIRFLOW_CTX_DAG_RUN_ID=scheduled__2025-10-05T00:00:00+00:00
[2025-10-06T23:45:42.853+0000] {logging_mixin.py:137} INFO - Creating synthetic circle dataset...
[2025-10-06T23:45:42.881+0000] {logging_mixin.py:137} INFO - Dataset saved to ./data/circle_data.csv
[2025-10-06T23:45:42.881+0000] {logging_mixin.py:137} INFO - Dataset shape: (1000, 3)
[2025-10-06T23:45:42.882+0000] {python.py:177} INFO - Done. Returned value was: ./data/circle_data.csv
[2025-10-06T23:45:42.904+0000] {taskinstance.py:1323} INFO - Marking task as SUCCESS. dag_id=pytorch_circle_classifier, task_id=create_dataset, execution_date=20251005T000000, start_date=20251006T234542, end_date=20251006T234542
[2025-10-06T23:45:42.938+0000] {local_task_job.py:208} INFO - Task exited with return code 0
[2025-10-06T23:45:42.962+0000] {taskinstance.py:2578} INFO - 1 downstream tasks scheduled from follow-on schedule check
