[2025-10-07T00:00:32.641+0000] {taskinstance.py:1083} INFO - Dependencies all met for <TaskInstance: pytorch_circle_classifier.preprocess_data scheduled__2025-10-06T00:00:00+00:00 [queued]>
[2025-10-07T00:00:32.700+0000] {taskinstance.py:1083} INFO - Dependencies all met for <TaskInstance: pytorch_circle_classifier.preprocess_data scheduled__2025-10-06T00:00:00+00:00 [queued]>
[2025-10-07T00:00:32.701+0000] {taskinstance.py:1279} INFO - 
--------------------------------------------------------------------------------
[2025-10-07T00:00:32.701+0000] {taskinstance.py:1280} INFO - Starting attempt 1 of 2
[2025-10-07T00:00:32.701+0000] {taskinstance.py:1281} INFO - 
--------------------------------------------------------------------------------
[2025-10-07T00:00:32.719+0000] {taskinstance.py:1300} INFO - Executing <Task(PythonOperator): preprocess_data> on 2025-10-06 00:00:00+00:00
[2025-10-07T00:00:32.740+0000] {standard_task_runner.py:55} INFO - Started process 76 to run task
[2025-10-07T00:00:32.744+0000] {standard_task_runner.py:82} INFO - Running: ['***', 'tasks', 'run', 'pytorch_circle_classifier', 'preprocess_data', 'scheduled__2025-10-06T00:00:00+00:00', '--job-id', '18', '--raw', '--subdir', 'DAGS_FOLDER/***.py', '--cfg-path', '/tmp/tmpo8h8n3an']
[2025-10-07T00:00:32.746+0000] {standard_task_runner.py:83} INFO - Job 18: Subtask preprocess_data
[2025-10-07T00:00:32.797+0000] {task_command.py:388} INFO - Running <TaskInstance: pytorch_circle_classifier.preprocess_data scheduled__2025-10-06T00:00:00+00:00 [running]> on host 1c9de8940ef2
[2025-10-07T00:00:34.077+0000] {taskinstance.py:1509} INFO - Exporting the following env vars:
AIRFLOW_CTX_DAG_OWNER=Aditya Ratan
AIRFLOW_CTX_DAG_ID=pytorch_circle_classifier
AIRFLOW_CTX_TASK_ID=preprocess_data
AIRFLOW_CTX_EXECUTION_DATE=2025-10-06T00:00:00+00:00
AIRFLOW_CTX_TRY_NUMBER=1
AIRFLOW_CTX_DAG_RUN_ID=scheduled__2025-10-06T00:00:00+00:00
[2025-10-07T00:00:34.096+0000] {logging_mixin.py:137} INFO - Loading and preprocessing data...
[2025-10-07T00:00:34.155+0000] {logging_mixin.py:137} INFO - Training set size: torch.Size([800, 2])
[2025-10-07T00:00:34.156+0000] {logging_mixin.py:137} INFO - Test set size: torch.Size([200, 2])
[2025-10-07T00:00:34.157+0000] {python.py:177} INFO - Done. Returned value was: ./temp/preprocessed_data.pkl
[2025-10-07T00:00:34.189+0000] {taskinstance.py:1323} INFO - Marking task as SUCCESS. dag_id=pytorch_circle_classifier, task_id=preprocess_data, execution_date=20251006T000000, start_date=20251007T000032, end_date=20251007T000034
[2025-10-07T00:00:34.251+0000] {local_task_job.py:208} INFO - Task exited with return code 0
[2025-10-07T00:00:34.479+0000] {taskinstance.py:2578} INFO - 1 downstream tasks scheduled from follow-on schedule check
[2025-10-07T02:25:28.657+0000] {taskinstance.py:1083} INFO - Dependencies all met for <TaskInstance: pytorch_circle_classifier.preprocess_data scheduled__2025-10-06T00:00:00+00:00 [queued]>
[2025-10-07T02:25:28.664+0000] {taskinstance.py:1083} INFO - Dependencies all met for <TaskInstance: pytorch_circle_classifier.preprocess_data scheduled__2025-10-06T00:00:00+00:00 [queued]>
[2025-10-07T02:25:28.664+0000] {taskinstance.py:1279} INFO - 
--------------------------------------------------------------------------------
[2025-10-07T02:25:28.664+0000] {taskinstance.py:1280} INFO - Starting attempt 1 of 2
[2025-10-07T02:25:28.664+0000] {taskinstance.py:1281} INFO - 
--------------------------------------------------------------------------------
[2025-10-07T02:25:28.675+0000] {taskinstance.py:1300} INFO - Executing <Task(PythonOperator): preprocess_data> on 2025-10-06 00:00:00+00:00
[2025-10-07T02:25:28.683+0000] {standard_task_runner.py:55} INFO - Started process 114 to run task
[2025-10-07T02:25:28.687+0000] {standard_task_runner.py:82} INFO - Running: ['***', 'tasks', 'run', 'pytorch_circle_classifier', 'preprocess_data', 'scheduled__2025-10-06T00:00:00+00:00', '--job-id', '6', '--raw', '--subdir', 'DAGS_FOLDER/***.py', '--cfg-path', '/tmp/tmpjn6vlod4']
[2025-10-07T02:25:28.688+0000] {standard_task_runner.py:83} INFO - Job 6: Subtask preprocess_data
[2025-10-07T02:25:28.747+0000] {task_command.py:388} INFO - Running <TaskInstance: pytorch_circle_classifier.preprocess_data scheduled__2025-10-06T00:00:00+00:00 [running]> on host 2db26b28ea99
[2025-10-07T02:25:29.282+0000] {taskinstance.py:1509} INFO - Exporting the following env vars:
AIRFLOW_CTX_DAG_OWNER=Aditya Ratan
AIRFLOW_CTX_DAG_ID=pytorch_circle_classifier
AIRFLOW_CTX_TASK_ID=preprocess_data
AIRFLOW_CTX_EXECUTION_DATE=2025-10-06T00:00:00+00:00
AIRFLOW_CTX_TRY_NUMBER=1
AIRFLOW_CTX_DAG_RUN_ID=scheduled__2025-10-06T00:00:00+00:00
[2025-10-07T02:25:29.283+0000] {logging_mixin.py:137} INFO - Loading and preprocessing data...
[2025-10-07T02:25:29.315+0000] {logging_mixin.py:137} INFO - Training set size: torch.Size([800, 2])
[2025-10-07T02:25:29.316+0000] {logging_mixin.py:137} INFO - Test set size: torch.Size([200, 2])
[2025-10-07T02:25:29.317+0000] {python.py:177} INFO - Done. Returned value was: ./temp/preprocessed_data.pkl
[2025-10-07T02:25:29.331+0000] {taskinstance.py:1323} INFO - Marking task as SUCCESS. dag_id=pytorch_circle_classifier, task_id=preprocess_data, execution_date=20251006T000000, start_date=20251007T022528, end_date=20251007T022529
[2025-10-07T02:25:29.362+0000] {local_task_job.py:208} INFO - Task exited with return code 0
[2025-10-07T02:25:29.394+0000] {taskinstance.py:2578} INFO - 1 downstream tasks scheduled from follow-on schedule check
