[2025-10-06T23:57:12.048+0000] {taskinstance.py:1083} INFO - Dependencies all met for <TaskInstance: pytorch_circle_classifier.create_dataset manual__2025-10-06T23:57:08.707700+00:00 [queued]>
[2025-10-06T23:57:12.054+0000] {taskinstance.py:1083} INFO - Dependencies all met for <TaskInstance: pytorch_circle_classifier.create_dataset manual__2025-10-06T23:57:08.707700+00:00 [queued]>
[2025-10-06T23:57:12.054+0000] {taskinstance.py:1279} INFO - 
--------------------------------------------------------------------------------
[2025-10-06T23:57:12.054+0000] {taskinstance.py:1280} INFO - Starting attempt 1 of 2
[2025-10-06T23:57:12.054+0000] {taskinstance.py:1281} INFO - 
--------------------------------------------------------------------------------
[2025-10-06T23:57:12.060+0000] {taskinstance.py:1300} INFO - Executing <Task(PythonOperator): create_dataset> on 2025-10-06 23:57:08.707700+00:00
[2025-10-06T23:57:12.068+0000] {standard_task_runner.py:55} INFO - Started process 455 to run task
[2025-10-06T23:57:12.077+0000] {standard_task_runner.py:82} INFO - Running: ['***', 'tasks', 'run', 'pytorch_circle_classifier', 'create_dataset', 'manual__2025-10-06T23:57:08.707700+00:00', '--job-id', '11', '--raw', '--subdir', 'DAGS_FOLDER/***.py', '--cfg-path', '/tmp/tmp3j8aiqxd']
[2025-10-06T23:57:12.079+0000] {standard_task_runner.py:83} INFO - Job 11: Subtask create_dataset
[2025-10-06T23:57:12.111+0000] {task_command.py:388} INFO - Running <TaskInstance: pytorch_circle_classifier.create_dataset manual__2025-10-06T23:57:08.707700+00:00 [running]> on host ea010b5ab1b3
[2025-10-06T23:57:12.359+0000] {taskinstance.py:1509} INFO - Exporting the following env vars:
AIRFLOW_CTX_DAG_OWNER=Aditya Ratan
AIRFLOW_CTX_DAG_ID=pytorch_circle_classifier
AIRFLOW_CTX_TASK_ID=create_dataset
AIRFLOW_CTX_EXECUTION_DATE=2025-10-06T23:57:08.707700+00:00
AIRFLOW_CTX_TRY_NUMBER=1
AIRFLOW_CTX_DAG_RUN_ID=manual__2025-10-06T23:57:08.707700+00:00
[2025-10-06T23:57:12.360+0000] {logging_mixin.py:137} INFO - Creating synthetic circle dataset...
[2025-10-06T23:57:12.386+0000] {logging_mixin.py:137} INFO - Dataset saved to ./data/circle_data.csv
[2025-10-06T23:57:12.387+0000] {logging_mixin.py:137} INFO - Dataset shape: (1000, 3)
[2025-10-06T23:57:12.387+0000] {python.py:177} INFO - Done. Returned value was: ./data/circle_data.csv
[2025-10-06T23:57:12.459+0000] {taskinstance.py:1323} INFO - Marking task as SUCCESS. dag_id=pytorch_circle_classifier, task_id=create_dataset, execution_date=20251006T235708, start_date=20251006T235712, end_date=20251006T235712
[2025-10-06T23:57:12.653+0000] {local_task_job.py:208} INFO - Task exited with return code 0
[2025-10-06T23:57:12.767+0000] {taskinstance.py:2578} INFO - 1 downstream tasks scheduled from follow-on schedule check
